RUN	computerdatabase.ComputerDatabaseSimulation	computerdatabasesimulation	1672663150493	 	3.9.0
USER	Users	START	1672663151349
REQUEST		Home	1672663151348	1672663151359	OK	 
USER	Users	START	1672663151412
REQUEST		checkName	1672663151359	1672663151405	KO	regex(event: snapshot(.*)).find.exists, found nothing
REQUEST		Home	1672663151412	1672663151418	OK	 
REQUEST		Form	1672663151424	1672663151430	OK	 
REQUEST		checkName	1672663151418	1672663151465	KO	regex(event: snapshot(.*)).find.exists, found nothing
REQUEST		Form	1672663151466	1672663151470	OK	 
USER	Users	START	1672663151514
REQUEST		Home	1672663151514	1672663151519	OK	 
REQUEST		checkName	1672663151519	1672663151561	KO	regex(event: snapshot(.*)).find.exists, found nothing
REQUEST		Form	1672663151561	1672663151565	OK	 
USER	Users	START	1672663151615
REQUEST		Home	1672663151615	1672663151620	OK	 
REQUEST		checkName	1672663151620	1672663151665	KO	regex(event: snapshot(.*)).find.exists, found nothing
REQUEST		Form	1672663151665	1672663151669	OK	 
USER	Users	START	1672663151715
REQUEST		Home	1672663151715	1672663151720	OK	 
REQUEST		checkName	1672663151720	1672663151761	KO	regex(event: snapshot(.*)).find.exists, found nothing
REQUEST		Form	1672663151761	1672663151765	OK	 
USER	Users	START	1672663151815
REQUEST		Home	1672663151815	1672663151820	OK	 
REQUEST		checkName	1672663151820	1672663151861	KO	regex(event: snapshot(.*)).find.exists, found nothing
REQUEST		Form	1672663151861	1672663151865	OK	 
USER	Users	START	1672663151916
REQUEST		Home	1672663151916	1672663151921	OK	 
REQUEST		checkName	1672663151921	1672663151965	KO	regex(event: snapshot(.*)).find.exists, found nothing
REQUEST		Form	1672663151965	1672663151969	OK	 
USER	Users	START	1672663152016
REQUEST		Home	1672663152016	1672663152022	OK	 
REQUEST		checkName	1672663152022	1672663152069	KO	regex(event: snapshot(.*)).find.exists, found nothing
REQUEST		Form	1672663152070	1672663152073	OK	 
USER	Users	START	1672663152116
REQUEST		Home	1672663152116	1672663152121	OK	 
REQUEST		checkName	1672663152121	1672663152165	KO	regex(event: snapshot(.*)).find.exists, found nothing
REQUEST		Form	1672663152165	1672663152169	OK	 
USER	Users	START	1672663152217
REQUEST		Home	1672663152217	1672663152221	OK	 
REQUEST		checkName	1672663152221	1672663152265	KO	regex(event: snapshot(.*)).find.exists, found nothing
REQUEST		Form	1672663152265	1672663152269	OK	 
USER	Users	START	1672663152317
REQUEST		Home	1672663152317	1672663152323	OK	 
REQUEST		checkName	1672663152323	1672663152365	KO	regex(event: snapshot(.*)).find.exists, found nothing
REQUEST		Form	1672663152365	1672663152369	OK	 
USER	Users	START	1672663152417
REQUEST		Home	1672663152417	1672663152422	OK	 
USER	Users	END	1672663152447
REQUEST		checkName	1672663152422	1672663152465	KO	regex(event: snapshot(.*)).find.exists, found nothing
REQUEST		Form	1672663152465	1672663152469	OK	 
USER	Users	END	1672663152471
USER	Users	START	1672663152518
REQUEST		Home	1672663152517	1672663152522	OK	 
REQUEST		checkName	1672663152522	1672663152565	KO	regex(event: snapshot(.*)).find.exists, found nothing
USER	Users	END	1672663152566
REQUEST		Form	1672663152565	1672663152569	OK	 
USER	Users	START	1672663152617
REQUEST		Home	1672663152617	1672663152622	OK	 
REQUEST		checkName	1672663152622	1672663152665	KO	regex(event: snapshot(.*)).find.exists, found nothing
REQUEST		Form	1672663152665	1672663152669	OK	 
USER	Users	END	1672663152670
USER	Users	START	1672663152718
REQUEST		Home	1672663152718	1672663152722	OK	 
REQUEST		checkName	1672663152722	1672663152765	KO	regex(event: snapshot(.*)).find.exists, found nothing
USER	Users	END	1672663152766
REQUEST		Form	1672663152765	1672663152768	OK	 
USER	Users	START	1672663152818
REQUEST		Home	1672663152818	1672663152822	OK	 
REQUEST		checkName	1672663152822	1672663152865	KO	regex(event: snapshot(.*)).find.exists, found nothing
USER	Users	END	1672663152866
REQUEST		Form	1672663152865	1672663152870	OK	 
USER	Users	START	1672663152920
REQUEST		Home	1672663152920	1672663152924	OK	 
REQUEST		checkName	1672663152924	1672663152965	KO	regex(event: snapshot(.*)).find.exists, found nothing
REQUEST		Form	1672663152966	1672663152970	OK	 
USER	Users	END	1672663152970
USER	Users	START	1672663153021
REQUEST		Home	1672663153021	1672663153025	OK	 
REQUEST		checkName	1672663153025	1672663153069	KO	regex(event: snapshot(.*)).find.exists, found nothing
REQUEST		Form	1672663153070	1672663153073	OK	 
USER	Users	END	1672663153074
USER	Users	START	1672663153121
REQUEST		Home	1672663153121	1672663153125	OK	 
REQUEST		checkName	1672663153125	1672663153169	KO	regex(event: snapshot(.*)).find.exists, found nothing
USER	Users	END	1672663153170
REQUEST		Form	1672663153170	1672663153173	OK	 
USER	Users	START	1672663153222
REQUEST		Home	1672663153222	1672663153226	OK	 
USER	Users	END	1672663153270
REQUEST		checkName	1672663153226	1672663153273	KO	regex(event: snapshot(.*)).find.exists, found nothing
REQUEST		Form	1672663153273	1672663153276	OK	 
USER	Users	START	1672663153321
REQUEST		Home	1672663153321	1672663153326	OK	 
REQUEST		checkName	1672663153326	1672663153369	KO	regex(event: snapshot(.*)).find.exists, found nothing
USER	Users	END	1672663153371
REQUEST		Form	1672663153370	1672663153374	OK	 
USER	Users	START	1672663153409
REQUEST		Home	1672663153409	1672663153414	OK	 
REQUEST		checkName	1672663153414	1672663153457	KO	regex(event: snapshot(.*)).find.exists, found nothing
REQUEST		Form	1672663153458	1672663153462	OK	 
USER	Users	END	1672663153470
USER	Users	START	1672663153510
REQUEST		Home	1672663153510	1672663153513	OK	 
REQUEST		checkName	1672663153513	1672663153553	KO	regex(event: snapshot(.*)).find.exists, found nothing
REQUEST		Form	1672663153553	1672663153557	OK	 
USER	Users	END	1672663153570
USER	Users	START	1672663153610
REQUEST		Home	1672663153610	1672663153612	OK	 
REQUEST		checkName	1672663153612	1672663153653	KO	regex(event: snapshot(.*)).find.exists, found nothing
REQUEST		Form	1672663153653	1672663153657	OK	 
USER	Users	END	1672663153670
USER	Users	START	1672663153709
REQUEST		Home	1672663153709	1672663153712	OK	 
REQUEST		checkName	1672663153712	1672663153757	KO	regex(event: snapshot(.*)).find.exists, found nothing
REQUEST		Form	1672663153757	1672663153760	OK	 
USER	Users	END	1672663153769
USER	Users	START	1672663153810
REQUEST		Home	1672663153810	1672663153812	OK	 
REQUEST		checkName	1672663153812	1672663153857	KO	regex(event: snapshot(.*)).find.exists, found nothing
REQUEST		Form	1672663153857	1672663153860	OK	 
USER	Users	END	1672663153872
USER	Users	START	1672663153910
REQUEST		Home	1672663153910	1672663153912	OK	 
REQUEST		checkName	1672663153912	1672663153953	KO	regex(event: snapshot(.*)).find.exists, found nothing
REQUEST		Form	1672663153953	1672663153956	OK	 
USER	Users	END	1672663153971
USER	Users	START	1672663154010
REQUEST		Home	1672663154010	1672663154013	OK	 
REQUEST		checkName	1672663154013	1672663154061	KO	regex(event: snapshot(.*)).find.exists, found nothing
REQUEST		Form	1672663154061	1672663154064	OK	 
USER	Users	END	1672663154075
USER	Users	START	1672663154110
REQUEST		Home	1672663154110	1672663154112	OK	 
REQUEST		checkName	1672663154112	1672663154157	KO	regex(event: snapshot(.*)).find.exists, found nothing
REQUEST		Form	1672663154157	1672663154160	OK	 
USER	Users	END	1672663154175
USER	Users	START	1672663154210
REQUEST		Home	1672663154210	1672663154212	OK	 
REQUEST		checkName	1672663154212	1672663154253	KO	regex(event: snapshot(.*)).find.exists, found nothing
REQUEST		Form	1672663154253	1672663154257	OK	 
USER	Users	END	1672663154278
USER	Users	START	1672663154310
REQUEST		Home	1672663154310	1672663154312	OK	 
REQUEST		checkName	1672663154312	1672663154357	KO	regex(event: snapshot(.*)).find.exists, found nothing
REQUEST		Form	1672663154357	1672663154360	OK	 
USER	Users	END	1672663154376
USER	Users	START	1672663154409
REQUEST		Home	1672663154409	1672663154412	OK	 
REQUEST		checkName	1672663154412	1672663154453	KO	regex(event: snapshot(.*)).find.exists, found nothing
REQUEST		Form	1672663154453	1672663154456	OK	 
USER	Users	END	1672663154463
USER	Users	START	1672663154509
REQUEST		Home	1672663154509	1672663154512	OK	 
REQUEST		checkName	1672663154512	1672663154553	KO	regex(event: snapshot(.*)).find.exists, found nothing
REQUEST		Form	1672663154553	1672663154557	OK	 
USER	Users	END	1672663154558
USER	Users	START	1672663154609
REQUEST		Home	1672663154609	1672663154612	OK	 
REQUEST		checkName	1672663154612	1672663154653	KO	regex(event: snapshot(.*)).find.exists, found nothing
REQUEST		Form	1672663154653	1672663154658	OK	 
USER	Users	END	1672663154658
USER	Users	START	1672663154709
REQUEST		Home	1672663154709	1672663154712	OK	 
REQUEST		checkName	1672663154712	1672663154753	KO	regex(event: snapshot(.*)).find.exists, found nothing
REQUEST		Form	1672663154753	1672663154757	OK	 
USER	Users	END	1672663154761
USER	Users	START	1672663154809
REQUEST		Home	1672663154809	1672663154811	OK	 
REQUEST		checkName	1672663154811	1672663154857	KO	regex(event: snapshot(.*)).find.exists, found nothing
REQUEST		Form	1672663154857	1672663154861	OK	 
USER	Users	END	1672663154861
USER	Users	START	1672663154910
REQUEST		Home	1672663154910	1672663154912	OK	 
REQUEST		checkName	1672663154912	1672663154953	KO	regex(event: snapshot(.*)).find.exists, found nothing
REQUEST		Form	1672663154953	1672663154957	OK	 
USER	Users	END	1672663154957
USER	Users	START	1672663155010
REQUEST		Home	1672663155010	1672663155012	OK	 
REQUEST		checkName	1672663155012	1672663155053	KO	regex(event: snapshot(.*)).find.exists, found nothing
REQUEST		Form	1672663155053	1672663155056	OK	 
USER	Users	END	1672663155065
USER	Users	START	1672663155109
REQUEST		Home	1672663155109	1672663155111	OK	 
REQUEST		checkName	1672663155111	1672663155157	KO	regex(event: snapshot(.*)).find.exists, found nothing
REQUEST		Form	1672663155157	1672663155161	OK	 
USER	Users	END	1672663155161
USER	Users	START	1672663155210
REQUEST		Home	1672663155210	1672663155212	OK	 
REQUEST		checkName	1672663155212	1672663155253	KO	regex(event: snapshot(.*)).find.exists, found nothing
REQUEST		Form	1672663155253	1672663155256	OK	 
USER	Users	END	1672663155258
USER	Users	START	1672663155310
REQUEST		Home	1672663155310	1672663155312	OK	 
REQUEST		checkName	1672663155312	1672663155357	KO	regex(event: snapshot(.*)).find.exists, found nothing
REQUEST		Form	1672663155357	1672663155360	OK	 
USER	Users	END	1672663155361
USER	Users	START	1672663155409
REQUEST		Home	1672663155409	1672663155411	OK	 
REQUEST		checkName	1672663155411	1672663155453	KO	regex(event: snapshot(.*)).find.exists, found nothing
REQUEST		Form	1672663155453	1672663155456	OK	 
USER	Users	END	1672663155457
USER	Users	START	1672663155509
REQUEST		Home	1672663155509	1672663155512	OK	 
REQUEST		checkName	1672663155512	1672663155553	KO	regex(event: snapshot(.*)).find.exists, found nothing
REQUEST		Form	1672663155553	1672663155557	OK	 
USER	Users	END	1672663155558
USER	Users	START	1672663155610
REQUEST		Home	1672663155610	1672663155613	OK	 
USER	Users	END	1672663155659
REQUEST		checkName	1672663155613	1672663155661	KO	regex(event: snapshot(.*)).find.exists, found nothing
REQUEST		Form	1672663155661	1672663155664	OK	 
USER	Users	START	1672663155709
REQUEST		Home	1672663155709	1672663155711	OK	 
REQUEST		checkName	1672663155711	1672663155753	KO	regex(event: snapshot(.*)).find.exists, found nothing
REQUEST		Form	1672663155753	1672663155756	OK	 
USER	Users	END	1672663155758
USER	Users	START	1672663155810
REQUEST		Home	1672663155810	1672663155812	OK	 
REQUEST		checkName	1672663155812	1672663155857	KO	regex(event: snapshot(.*)).find.exists, found nothing
REQUEST		Form	1672663155857	1672663155860	OK	 
USER	Users	END	1672663155862
USER	Users	START	1672663155910
REQUEST		Home	1672663155910	1672663155912	OK	 
REQUEST		checkName	1672663155912	1672663155957	KO	regex(event: snapshot(.*)).find.exists, found nothing
USER	Users	END	1672663155958
REQUEST		Form	1672663155957	1672663155960	OK	 
USER	Users	START	1672663156010
REQUEST		Home	1672663156010	1672663156012	OK	 
REQUEST		checkName	1672663156012	1672663156053	KO	regex(event: snapshot(.*)).find.exists, found nothing
REQUEST		Form	1672663156053	1672663156056	OK	 
USER	Users	END	1672663156057
USER	Users	START	1672663156110
REQUEST		Home	1672663156110	1672663156112	OK	 
REQUEST		checkName	1672663156112	1672663156153	KO	regex(event: snapshot(.*)).find.exists, found nothing
REQUEST		Form	1672663156153	1672663156156	OK	 
USER	Users	END	1672663156162
USER	Users	START	1672663156210
REQUEST		Home	1672663156210	1672663156211	OK	 
REQUEST		checkName	1672663156211	1672663156253	KO	regex(event: snapshot(.*)).find.exists, found nothing
REQUEST		Form	1672663156253	1672663156256	OK	 
USER	Users	END	1672663156257
USER	Users	START	1672663156310
REQUEST		Home	1672663156310	1672663156312	OK	 
REQUEST		checkName	1672663156312	1672663156353	KO	regex(event: snapshot(.*)).find.exists, found nothing
REQUEST		Form	1672663156353	1672663156358	OK	 
USER	Users	END	1672663156362
USER	Users	START	1672663156409
REQUEST		Home	1672663156409	1672663156410	OK	 
REQUEST		checkName	1672663156410	1672663156457	KO	regex(event: snapshot(.*)).find.exists, found nothing
USER	Users	END	1672663156457
REQUEST		Form	1672663156457	1672663156460	OK	 
USER	Users	START	1672663156509
REQUEST		Home	1672663156509	1672663156511	OK	 
REQUEST		checkName	1672663156511	1672663156557	KO	regex(event: snapshot(.*)).find.exists, found nothing
USER	Users	END	1672663156558
REQUEST		Form	1672663156557	1672663156560	OK	 
USER	Users	START	1672663156609
REQUEST		Home	1672663156609	1672663156611	OK	 
REQUEST		checkName	1672663156611	1672663156653	KO	regex(event: snapshot(.*)).find.exists, found nothing
REQUEST		Form	1672663156653	1672663156656	OK	 
USER	Users	END	1672663156666
USER	Users	START	1672663156709
REQUEST		Home	1672663156709	1672663156712	OK	 
REQUEST		checkName	1672663156712	1672663156753	KO	regex(event: snapshot(.*)).find.exists, found nothing
REQUEST		Form	1672663156753	1672663156756	OK	 
USER	Users	END	1672663156757
USER	Users	START	1672663156809
REQUEST		Home	1672663156809	1672663156811	OK	 
REQUEST		checkName	1672663156811	1672663156853	KO	regex(event: snapshot(.*)).find.exists, found nothing
REQUEST		Form	1672663156853	1672663156856	OK	 
USER	Users	END	1672663156861
USER	Users	START	1672663156909
REQUEST		Home	1672663156909	1672663156911	OK	 
REQUEST		checkName	1672663156911	1672663156957	KO	regex(event: snapshot(.*)).find.exists, found nothing
REQUEST		Form	1672663156957	1672663156960	OK	 
USER	Users	END	1672663156961
USER	Users	START	1672663157009
REQUEST		Home	1672663157009	1672663157011	OK	 
REQUEST		checkName	1672663157011	1672663157053	KO	regex(event: snapshot(.*)).find.exists, found nothing
REQUEST		Form	1672663157053	1672663157057	OK	 
USER	Users	END	1672663157057
USER	Users	START	1672663157109
REQUEST		Home	1672663157109	1672663157111	OK	 
REQUEST		checkName	1672663157111	1672663157153	KO	regex(event: snapshot(.*)).find.exists, found nothing
REQUEST		Form	1672663157153	1672663157156	OK	 
USER	Users	END	1672663157157
USER	Users	START	1672663157209
REQUEST		Home	1672663157209	1672663157211	OK	 
REQUEST		checkName	1672663157211	1672663157257	KO	regex(event: snapshot(.*)).find.exists, found nothing
USER	Users	END	1672663157257
REQUEST		Form	1672663157257	1672663157260	OK	 
USER	Users	START	1672663157309
REQUEST		Home	1672663157309	1672663157311	OK	 
REQUEST		checkName	1672663157311	1672663157357	KO	regex(event: snapshot(.*)).find.exists, found nothing
USER	Users	END	1672663157359
REQUEST		Form	1672663157357	1672663157360	OK	 
USER	Users	START	1672663157409
REQUEST		Home	1672663157409	1672663157411	OK	 
REQUEST		checkName	1672663157411	1672663157457	KO	regex(event: snapshot(.*)).find.exists, found nothing
REQUEST		Form	1672663157457	1672663157460	OK	 
USER	Users	END	1672663157461
USER	Users	START	1672663157510
REQUEST		Home	1672663157510	1672663157512	OK	 
REQUEST		checkName	1672663157512	1672663157557	KO	regex(event: snapshot(.*)).find.exists, found nothing
REQUEST		Form	1672663157557	1672663157560	OK	 
USER	Users	END	1672663157561
USER	Users	START	1672663157609
REQUEST		Home	1672663157609	1672663157612	OK	 
REQUEST		checkName	1672663157612	1672663157657	KO	regex(event: snapshot(.*)).find.exists, found nothing
USER	Users	END	1672663157657
REQUEST		Form	1672663157657	1672663157661	OK	 
USER	Users	START	1672663157710
REQUEST		Home	1672663157710	1672663157712	OK	 
REQUEST		checkName	1672663157712	1672663157753	KO	regex(event: snapshot(.*)).find.exists, found nothing
REQUEST		Form	1672663157753	1672663157757	OK	 
USER	Users	END	1672663157757
USER	Users	START	1672663157809
REQUEST		Home	1672663157809	1672663157811	OK	 
REQUEST		checkName	1672663157811	1672663157853	KO	regex(event: snapshot(.*)).find.exists, found nothing
REQUEST		Form	1672663157853	1672663157856	OK	 
USER	Users	END	1672663157857
USER	Users	START	1672663157910
REQUEST		Home	1672663157910	1672663157912	OK	 
REQUEST		checkName	1672663157912	1672663157953	KO	regex(event: snapshot(.*)).find.exists, found nothing
REQUEST		Form	1672663157953	1672663157956	OK	 
USER	Users	END	1672663157961
USER	Users	START	1672663158009
REQUEST		Home	1672663158009	1672663158011	OK	 
REQUEST		checkName	1672663158011	1672663158057	KO	regex(event: snapshot(.*)).find.exists, found nothing
USER	Users	END	1672663158058
REQUEST		Form	1672663158057	1672663158061	OK	 
USER	Users	START	1672663158109
REQUEST		Home	1672663158109	1672663158111	OK	 
REQUEST		checkName	1672663158111	1672663158153	KO	regex(event: snapshot(.*)).find.exists, found nothing
REQUEST		Form	1672663158153	1672663158156	OK	 
USER	Users	END	1672663158157
USER	Users	START	1672663158209
REQUEST		Home	1672663158209	1672663158212	OK	 
REQUEST		checkName	1672663158212	1672663158257	KO	regex(event: snapshot(.*)).find.exists, found nothing
REQUEST		Form	1672663158257	1672663158260	OK	 
USER	Users	END	1672663158261
USER	Users	START	1672663158310
REQUEST		Home	1672663158310	1672663158313	OK	 
REQUEST		checkName	1672663158313	1672663158361	KO	regex(event: snapshot(.*)).find.exists, found nothing
USER	Users	END	1672663158361
REQUEST		Form	1672663158361	1672663158365	OK	 
USER	Users	START	1672663158410
REQUEST		Home	1672663158410	1672663158412	OK	 
REQUEST		checkName	1672663158412	1672663158457	KO	regex(event: snapshot(.*)).find.exists, found nothing
REQUEST		Form	1672663158457	1672663158461	OK	 
USER	Users	END	1672663158461
USER	Users	START	1672663158510
REQUEST		Home	1672663158510	1672663158512	OK	 
REQUEST		checkName	1672663158512	1672663158553	KO	regex(event: snapshot(.*)).find.exists, found nothing
REQUEST		Form	1672663158553	1672663158556	OK	 
USER	Users	END	1672663158561
USER	Users	START	1672663158610
REQUEST		Home	1672663158610	1672663158612	OK	 
REQUEST		checkName	1672663158612	1672663158653	KO	regex(event: snapshot(.*)).find.exists, found nothing
REQUEST		Form	1672663158653	1672663158656	OK	 
USER	Users	END	1672663158662
USER	Users	START	1672663158710
REQUEST		Home	1672663158710	1672663158712	OK	 
REQUEST		checkName	1672663158712	1672663158757	KO	regex(event: snapshot(.*)).find.exists, found nothing
USER	Users	END	1672663158758
REQUEST		Form	1672663158757	1672663158760	OK	 
USER	Users	START	1672663158810
REQUEST		Home	1672663158810	1672663158811	OK	 
REQUEST		checkName	1672663158811	1672663158853	KO	regex(event: snapshot(.*)).find.exists, found nothing
REQUEST		Form	1672663158853	1672663158856	OK	 
USER	Users	END	1672663158857
USER	Users	START	1672663158910
REQUEST		Home	1672663158910	1672663158912	OK	 
REQUEST		checkName	1672663158912	1672663158953	KO	regex(event: snapshot(.*)).find.exists, found nothing
REQUEST		Form	1672663158953	1672663158956	OK	 
USER	Users	END	1672663158957
USER	Users	START	1672663159010
REQUEST		Home	1672663159010	1672663159012	OK	 
REQUEST		checkName	1672663159012	1672663159053	KO	regex(event: snapshot(.*)).find.exists, found nothing
REQUEST		Form	1672663159053	1672663159057	OK	 
USER	Users	END	1672663159062
USER	Users	START	1672663159110
REQUEST		Home	1672663159110	1672663159112	OK	 
REQUEST		checkName	1672663159112	1672663159153	KO	regex(event: snapshot(.*)).find.exists, found nothing
REQUEST		Form	1672663159153	1672663159156	OK	 
USER	Users	END	1672663159157
USER	Users	START	1672663159210
REQUEST		Home	1672663159210	1672663159212	OK	 
REQUEST		checkName	1672663159212	1672663159253	KO	regex(event: snapshot(.*)).find.exists, found nothing
REQUEST		Form	1672663159253	1672663159256	OK	 
USER	Users	END	1672663159261
USER	Users	START	1672663159310
REQUEST		Home	1672663159310	1672663159312	OK	 
REQUEST		checkName	1672663159312	1672663159353	KO	regex(event: snapshot(.*)).find.exists, found nothing
REQUEST		Form	1672663159353	1672663159357	OK	 
USER	Users	END	1672663159366
USER	Users	START	1672663159409
REQUEST		Home	1672663159409	1672663159411	OK	 
REQUEST		checkName	1672663159411	1672663159456	KO	regex(event: snapshot(.*)).find.exists, found nothing
REQUEST		Form	1672663159457	1672663159460	OK	 
USER	Users	END	1672663159462
USER	Users	START	1672663159509
REQUEST		Home	1672663159509	1672663159511	OK	 
REQUEST		checkName	1672663159511	1672663159553	KO	regex(event: snapshot(.*)).find.exists, found nothing
REQUEST		Form	1672663159553	1672663159556	OK	 
USER	Users	END	1672663159557
USER	Users	START	1672663159609
REQUEST		Home	1672663159609	1672663159611	OK	 
REQUEST		checkName	1672663159611	1672663159653	KO	regex(event: snapshot(.*)).find.exists, found nothing
REQUEST		Form	1672663159653	1672663159656	OK	 
USER	Users	END	1672663159657
USER	Users	START	1672663159709
REQUEST		Home	1672663159709	1672663159711	OK	 
REQUEST		checkName	1672663159711	1672663159756	KO	regex(event: snapshot(.*)).find.exists, found nothing
USER	Users	END	1672663159761
REQUEST		Form	1672663159757	1672663159761	OK	 
USER	Users	START	1672663159809
REQUEST		Home	1672663159809	1672663159811	OK	 
REQUEST		checkName	1672663159811	1672663159853	KO	regex(event: snapshot(.*)).find.exists, found nothing
REQUEST		Form	1672663159853	1672663159856	OK	 
USER	Users	END	1672663159863
USER	Users	START	1672663159909
REQUEST		Home	1672663159909	1672663159911	OK	 
REQUEST		checkName	1672663159911	1672663159953	KO	regex(event: snapshot(.*)).find.exists, found nothing
REQUEST		Form	1672663159953	1672663159956	OK	 
USER	Users	END	1672663159957
USER	Users	START	1672663160009
REQUEST		Home	1672663160009	1672663160011	OK	 
REQUEST		checkName	1672663160011	1672663160053	KO	regex(event: snapshot(.*)).find.exists, found nothing
REQUEST		Form	1672663160053	1672663160056	OK	 
USER	Users	END	1672663160058
USER	Users	START	1672663160109
REQUEST		Home	1672663160109	1672663160111	OK	 
REQUEST		checkName	1672663160111	1672663160153	KO	regex(event: snapshot(.*)).find.exists, found nothing
REQUEST		Form	1672663160153	1672663160156	OK	 
USER	Users	END	1672663160157
USER	Users	START	1672663160209
REQUEST		Home	1672663160209	1672663160211	OK	 
REQUEST		checkName	1672663160211	1672663160257	KO	regex(event: snapshot(.*)).find.exists, found nothing
USER	Users	END	1672663160257
REQUEST		Form	1672663160257	1672663160261	OK	 
USER	Users	START	1672663160309
REQUEST		Home	1672663160309	1672663160311	OK	 
REQUEST		checkName	1672663160311	1672663160357	KO	regex(event: snapshot(.*)).find.exists, found nothing
USER	Users	END	1672663160358
REQUEST		Form	1672663160357	1672663160360	OK	 
USER	Users	START	1672663160409
REQUEST		Home	1672663160409	1672663160411	OK	 
REQUEST		checkName	1672663160411	1672663160452	KO	regex(event: snapshot(.*)).find.exists, found nothing
REQUEST		Form	1672663160453	1672663160456	OK	 
USER	Users	END	1672663160461
USER	Users	START	1672663160509
REQUEST		Home	1672663160509	1672663160511	OK	 
REQUEST		checkName	1672663160511	1672663160553	KO	regex(event: snapshot(.*)).find.exists, found nothing
REQUEST		Form	1672663160553	1672663160556	OK	 
USER	Users	END	1672663160557
USER	Users	START	1672663160609
REQUEST		Home	1672663160609	1672663160611	OK	 
REQUEST		checkName	1672663160611	1672663160653	KO	regex(event: snapshot(.*)).find.exists, found nothing
REQUEST		Form	1672663160653	1672663160656	OK	 
USER	Users	END	1672663160657
USER	Users	START	1672663160709
REQUEST		Home	1672663160709	1672663160710	OK	 
REQUEST		checkName	1672663160710	1672663160753	KO	regex(event: snapshot(.*)).find.exists, found nothing
REQUEST		Form	1672663160753	1672663160756	OK	 
USER	Users	END	1672663160761
USER	Users	START	1672663160809
REQUEST		Home	1672663160809	1672663160811	OK	 
REQUEST		checkName	1672663160811	1672663160853	KO	regex(event: snapshot(.*)).find.exists, found nothing
REQUEST		Form	1672663160853	1672663160856	OK	 
USER	Users	END	1672663160857
USER	Users	START	1672663160909
REQUEST		Home	1672663160909	1672663160911	OK	 
REQUEST		checkName	1672663160911	1672663160956	KO	regex(event: snapshot(.*)).find.exists, found nothing
USER	Users	END	1672663160957
REQUEST		Form	1672663160957	1672663160960	OK	 
USER	Users	START	1672663161009
REQUEST		Home	1672663161009	1672663161011	OK	 
REQUEST		checkName	1672663161011	1672663161057	KO	regex(event: snapshot(.*)).find.exists, found nothing
USER	Users	END	1672663161057
REQUEST		Form	1672663161057	1672663161061	OK	 
USER	Users	START	1672663161109
REQUEST		Home	1672663161109	1672663161111	OK	 
REQUEST		checkName	1672663161111	1672663161153	KO	regex(event: snapshot(.*)).find.exists, found nothing
REQUEST		Form	1672663161153	1672663161156	OK	 
USER	Users	END	1672663161157
USER	Users	START	1672663161209
REQUEST		Home	1672663161209	1672663161211	OK	 
REQUEST		checkName	1672663161211	1672663161253	KO	regex(event: snapshot(.*)).find.exists, found nothing
REQUEST		Form	1672663161253	1672663161256	OK	 
USER	Users	END	1672663161262
USER	Users	END	1672663161361
USER	Users	END	1672663161457
USER	Users	END	1672663161557
USER	Users	END	1672663161657
USER	Users	END	1672663161757
USER	Users	END	1672663161857
USER	Users	END	1672663161962
USER	Users	END	1672663162062
USER	Users	END	1672663162158
USER	Users	END	1672663162257
