RUN	sse_https.ComputerDatabaseSimulation	computerdatabasesimulation	1672729897053	 	3.9.0
USER	Users	START	1672729897721
REQUEST		/event	1672729897721	1672729897793	OK	 
REQUEST		sse_check	1672729897793	1672729897797	OK	 
USER	Users	END	1672729897799
USER	Users	START	1672729898201
REQUEST		/event	1672729898201	1672729898269	OK	 
REQUEST		sse_check	1672729898269	1672729898269	OK	 
USER	Users	END	1672729898269
USER	Users	START	1672729898702
REQUEST		/event	1672729898702	1672729898770	OK	 
REQUEST		sse_check	1672729898770	1672729898770	OK	 
USER	Users	END	1672729898771
USER	Users	START	1672729899703
REQUEST		/event	1672729899703	1672729899770	OK	 
REQUEST		sse_check	1672729899770	1672729899771	OK	 
USER	Users	END	1672729899771
USER	Users	START	1672729900696
REQUEST		/event	1672729900696	1672729900768	OK	 
REQUEST		sse_check	1672729900768	1672729900769	OK	 
USER	Users	END	1672729900769
USER	Users	START	1672729901696
REQUEST		/event	1672729901696	1672729901766	OK	 
REQUEST		sse_check	1672729901766	1672729901766	OK	 
USER	Users	END	1672729901767
USER	Users	START	1672729902696
REQUEST		/event	1672729902696	1672729902766	OK	 
REQUEST		sse_check	1672729902766	1672729902766	OK	 
USER	Users	END	1672729902767
USER	Users	START	1672729903696
REQUEST		/event	1672729903696	1672729903764	OK	 
REQUEST		sse_check	1672729903764	1672729903764	OK	 
USER	Users	END	1672729903765
USER	Users	START	1672729904697
REQUEST		/event	1672729904697	1672729904764	OK	 
REQUEST		sse_check	1672729904764	1672729904764	OK	 
USER	Users	END	1672729904764
USER	Users	START	1672729905696
REQUEST		/event	1672729905696	1672729905763	OK	 
REQUEST		sse_check	1672729905763	1672729905763	OK	 
USER	Users	END	1672729905764
USER	Users	START	1672729906697
REQUEST		/event	1672729906697	1672729906765	OK	 
REQUEST		sse_check	1672729906765	1672729906766	OK	 
USER	Users	END	1672729906766
USER	Users	START	1672729907196
REQUEST		/event	1672729907196	1672729907266	OK	 
REQUEST		sse_check	1672729907266	1672729907267	OK	 
USER	Users	END	1672729907267
USER	Users	START	1672729907697
REQUEST		/event	1672729907697	1672729907769	OK	 
REQUEST		sse_check	1672729907769	1672729907770	OK	 
USER	Users	END	1672729907770
USER	Users	START	1672729908696
REQUEST		/event	1672729908696	1672729908765	OK	 
REQUEST		sse_check	1672729908765	1672729908765	OK	 
USER	Users	END	1672729908765
USER	Users	START	1672729909697
REQUEST		/event	1672729909697	1672729909766	OK	 
REQUEST		sse_check	1672729909766	1672729909767	OK	 
USER	Users	END	1672729909767
USER	Users	START	1672729910696
REQUEST		/event	1672729910696	1672729910762	OK	 
REQUEST		sse_check	1672729910762	1672729910763	OK	 
USER	Users	END	1672729910763
USER	Users	START	1672729911697
REQUEST		/event	1672729911697	1672729911764	OK	 
REQUEST		sse_check	1672729911764	1672729911765	OK	 
USER	Users	END	1672729911765
USER	Users	START	1672729912696
REQUEST		/event	1672729912696	1672729912764	OK	 
REQUEST		sse_check	1672729912764	1672729912764	OK	 
USER	Users	END	1672729912765
USER	Users	START	1672729913697
REQUEST		/event	1672729913697	1672729913767	OK	 
REQUEST		sse_check	1672729913767	1672729913767	OK	 
USER	Users	END	1672729913767
USER	Users	START	1672729914697
REQUEST		/event	1672729914697	1672729914763	OK	 
REQUEST		sse_check	1672729914763	1672729914764	OK	 
USER	Users	END	1672729914764
USER	Users	START	1672729915696
REQUEST		/event	1672729915696	1672729915764	OK	 
REQUEST		sse_check	1672729915764	1672729915764	OK	 
USER	Users	END	1672729915764
USER	Users	START	1672729916196
REQUEST		/event	1672729916196	1672729916263	OK	 
REQUEST		sse_check	1672729916263	1672729916263	OK	 
USER	Users	END	1672729916263
USER	Users	START	1672729916697
REQUEST		/event	1672729916697	1672729916764	OK	 
REQUEST		sse_check	1672729916764	1672729916764	OK	 
USER	Users	END	1672729916764
USER	Users	START	1672729917696
REQUEST		/event	1672729917696	1672729917761	OK	 
REQUEST		sse_check	1672729917761	1672729917762	OK	 
USER	Users	END	1672729917762
USER	Users	START	1672729918696
REQUEST		/event	1672729918696	1672729918764	OK	 
REQUEST		sse_check	1672729918764	1672729918764	OK	 
USER	Users	END	1672729918764
USER	Users	START	1672729919696
REQUEST		/event	1672729919696	1672729919767	OK	 
REQUEST		sse_check	1672729919767	1672729919767	OK	 
USER	Users	END	1672729919767
USER	Users	START	1672729920696
REQUEST		/event	1672729920696	1672729920761	OK	 
REQUEST		sse_check	1672729920761	1672729920762	OK	 
USER	Users	END	1672729920762
USER	Users	START	1672729921695
REQUEST		/event	1672729921695	1672729921761	OK	 
REQUEST		sse_check	1672729921761	1672729921761	OK	 
USER	Users	END	1672729921761
USER	Users	START	1672729922696
REQUEST		/event	1672729922696	1672729922762	OK	 
REQUEST		sse_check	1672729922762	1672729922763	OK	 
USER	Users	END	1672729922763
USER	Users	START	1672729923696
REQUEST		/event	1672729923696	1672729923760	OK	 
REQUEST		sse_check	1672729923760	1672729923761	OK	 
USER	Users	END	1672729923761
USER	Users	START	1672729924696
REQUEST		/event	1672729924696	1672729924765	OK	 
REQUEST		sse_check	1672729924765	1672729924765	OK	 
USER	Users	END	1672729924765
USER	Users	START	1672729925195
REQUEST		/event	1672729925195	1672729925261	OK	 
REQUEST		sse_check	1672729925261	1672729925261	OK	 
USER	Users	END	1672729925262
USER	Users	START	1672729925696
REQUEST		/event	1672729925696	1672729925763	OK	 
REQUEST		sse_check	1672729925763	1672729925763	OK	 
USER	Users	END	1672729925763
USER	Users	START	1672729926696
REQUEST		/event	1672729926696	1672729926761	OK	 
REQUEST		sse_check	1672729926761	1672729926762	OK	 
USER	Users	END	1672729926762
USER	Users	START	1672729927699
REQUEST		/event	1672729927699	1672729927765	OK	 
REQUEST		sse_check	1672729927765	1672729927766	OK	 
USER	Users	END	1672729927766
USER	Users	START	1672729928695
REQUEST		/event	1672729928695	1672729928760	OK	 
REQUEST		sse_check	1672729928760	1672729928760	OK	 
USER	Users	END	1672729928760
USER	Users	START	1672729929696
REQUEST		/event	1672729929696	1672729929761	OK	 
REQUEST		sse_check	1672729929761	1672729929761	OK	 
USER	Users	END	1672729929761
USER	Users	START	1672729930696
REQUEST		/event	1672729930696	1672729930784	OK	 
REQUEST		sse_check	1672729930784	1672729930784	OK	 
USER	Users	END	1672729930784
USER	Users	START	1672729931696
REQUEST		/event	1672729931696	1672729931761	OK	 
REQUEST		sse_check	1672729931761	1672729931762	OK	 
USER	Users	END	1672729931762
USER	Users	START	1672729932696
REQUEST		/event	1672729932696	1672729932763	OK	 
REQUEST		sse_check	1672729932763	1672729932764	OK	 
USER	Users	END	1672729932764
USER	Users	START	1672729933709
REQUEST		/event	1672729933708	1672729933774	OK	 
REQUEST		sse_check	1672729933774	1672729933774	OK	 
USER	Users	END	1672729933774
USER	Users	START	1672729934195
REQUEST		/event	1672729934195	1672729934260	OK	 
REQUEST		sse_check	1672729934260	1672729934260	OK	 
USER	Users	END	1672729934261
USER	Users	START	1672729934696
REQUEST		/event	1672729934696	1672729934777	OK	 
REQUEST		sse_check	1672729934777	1672729934778	OK	 
USER	Users	END	1672729934778
USER	Users	START	1672729935695
REQUEST		/event	1672729935695	1672729935764	OK	 
REQUEST		sse_check	1672729935764	1672729935764	OK	 
USER	Users	END	1672729935764
USER	Users	START	1672729936696
REQUEST		/event	1672729936696	1672729936762	OK	 
REQUEST		sse_check	1672729936762	1672729936762	OK	 
USER	Users	END	1672729936762
USER	Users	START	1672729937696
REQUEST		/event	1672729937696	1672729937761	OK	 
REQUEST		sse_check	1672729937761	1672729937761	OK	 
USER	Users	END	1672729937762
USER	Users	START	1672729938696
REQUEST		/event	1672729938696	1672729938761	OK	 
REQUEST		sse_check	1672729938761	1672729938761	OK	 
USER	Users	END	1672729938761
USER	Users	START	1672729939695
REQUEST		/event	1672729939695	1672729939760	OK	 
REQUEST		sse_check	1672729939760	1672729939760	OK	 
USER	Users	END	1672729939760
USER	Users	START	1672729940696
REQUEST		/event	1672729940696	1672729940764	OK	 
REQUEST		sse_check	1672729940764	1672729940764	OK	 
USER	Users	END	1672729940764
USER	Users	START	1672729941696
REQUEST		/event	1672729941696	1672729941762	OK	 
REQUEST		sse_check	1672729941762	1672729941763	OK	 
USER	Users	END	1672729941763
USER	Users	START	1672729942696
REQUEST		/event	1672729942696	1672729942762	OK	 
REQUEST		sse_check	1672729942762	1672729942762	OK	 
USER	Users	END	1672729942763
USER	Users	START	1672729943195
REQUEST		/event	1672729943195	1672729943261	OK	 
REQUEST		sse_check	1672729943261	1672729943261	OK	 
USER	Users	END	1672729943261
USER	Users	START	1672729943696
REQUEST		/event	1672729943696	1672729943768	OK	 
REQUEST		sse_check	1672729943768	1672729943768	OK	 
USER	Users	END	1672729943768
USER	Users	START	1672729944696
REQUEST		/event	1672729944696	1672729944763	OK	 
REQUEST		sse_check	1672729944763	1672729944763	OK	 
USER	Users	END	1672729944763
USER	Users	START	1672729945696
REQUEST		/event	1672729945696	1672729945761	OK	 
REQUEST		sse_check	1672729945761	1672729945761	OK	 
USER	Users	END	1672729945761
USER	Users	START	1672729946696
REQUEST		/event	1672729946696	1672729946772	OK	 
REQUEST		sse_check	1672729946772	1672729946772	OK	 
USER	Users	END	1672729946772
USER	Users	START	1672729947695
REQUEST		/event	1672729947695	1672729947761	OK	 
REQUEST		sse_check	1672729947761	1672729947761	OK	 
USER	Users	END	1672729947761
USER	Users	START	1672729948695
REQUEST		/event	1672729948695	1672729948764	OK	 
REQUEST		sse_check	1672729948764	1672729948764	OK	 
USER	Users	END	1672729948765
USER	Users	START	1672729949696
REQUEST		/event	1672729949696	1672729949762	OK	 
REQUEST		sse_check	1672729949762	1672729949762	OK	 
USER	Users	END	1672729949762
USER	Users	START	1672729950695
REQUEST		/event	1672729950695	1672729950760	OK	 
REQUEST		sse_check	1672729950760	1672729950760	OK	 
USER	Users	END	1672729950761
USER	Users	START	1672729951696
REQUEST		/event	1672729951696	1672729951764	OK	 
REQUEST		sse_check	1672729951764	1672729951765	OK	 
USER	Users	END	1672729951765
USER	Users	START	1672729952195
REQUEST		/event	1672729952195	1672729952261	OK	 
REQUEST		sse_check	1672729952261	1672729952261	OK	 
USER	Users	END	1672729952261
USER	Users	START	1672729952696
REQUEST		/event	1672729952696	1672729952763	OK	 
REQUEST		sse_check	1672729952763	1672729952763	OK	 
USER	Users	END	1672729952764
USER	Users	START	1672729953696
REQUEST		/event	1672729953696	1672729953761	OK	 
REQUEST		sse_check	1672729953761	1672729953761	OK	 
USER	Users	END	1672729953762
USER	Users	START	1672729954696
REQUEST		/event	1672729954696	1672729954761	OK	 
REQUEST		sse_check	1672729954761	1672729954761	OK	 
USER	Users	END	1672729954761
USER	Users	START	1672729955695
REQUEST		/event	1672729955695	1672729955760	OK	 
REQUEST		sse_check	1672729955760	1672729955761	OK	 
USER	Users	END	1672729955761
USER	Users	START	1672729956696
REQUEST		/event	1672729956696	1672729956761	OK	 
REQUEST		sse_check	1672729956761	1672729956761	OK	 
USER	Users	END	1672729956761
USER	Users	START	1672729957695
REQUEST		/event	1672729957695	1672729957760	OK	 
REQUEST		sse_check	1672729957760	1672729957760	OK	 
USER	Users	END	1672729957760
USER	Users	START	1672729958699
REQUEST		/event	1672729958699	1672729958764	OK	 
REQUEST		sse_check	1672729958764	1672729958764	OK	 
USER	Users	END	1672729958764
USER	Users	START	1672729959695
REQUEST		/event	1672729959695	1672729959760	OK	 
REQUEST		sse_check	1672729959760	1672729959761	OK	 
USER	Users	END	1672729959761
USER	Users	START	1672729960696
REQUEST		/event	1672729960696	1672729960762	OK	 
REQUEST		sse_check	1672729960762	1672729960762	OK	 
USER	Users	END	1672729960762
USER	Users	START	1672729961196
REQUEST		/event	1672729961195	1672729961491	OK	 
REQUEST		sse_check	1672729961491	1672729961491	OK	 
USER	Users	END	1672729961492
USER	Users	START	1672729961696
REQUEST		/event	1672729961696	1672729961761	OK	 
REQUEST		sse_check	1672729961761	1672729961762	OK	 
USER	Users	END	1672729961762
USER	Users	START	1672729962696
REQUEST		/event	1672729962696	1672729962775	OK	 
REQUEST		sse_check	1672729962775	1672729962775	OK	 
USER	Users	END	1672729962775
USER	Users	START	1672729963696
REQUEST		/event	1672729963696	1672729963765	OK	 
REQUEST		sse_check	1672729963765	1672729963765	OK	 
USER	Users	END	1672729963765
USER	Users	START	1672729964696
REQUEST		/event	1672729964696	1672729964761	OK	 
REQUEST		sse_check	1672729964761	1672729964761	OK	 
USER	Users	END	1672729964761
USER	Users	START	1672729965696
REQUEST		/event	1672729965696	1672729965762	OK	 
REQUEST		sse_check	1672729965762	1672729965763	OK	 
USER	Users	END	1672729965763
USER	Users	START	1672729966696
REQUEST		/event	1672729966696	1672729966766	OK	 
REQUEST		sse_check	1672729966766	1672729966766	OK	 
USER	Users	END	1672729966767
USER	Users	START	1672729967696
REQUEST		/event	1672729967696	1672729967763	OK	 
REQUEST		sse_check	1672729967763	1672729967763	OK	 
USER	Users	END	1672729967764
USER	Users	START	1672729968696
REQUEST		/event	1672729968696	1672729968765	OK	 
REQUEST		sse_check	1672729968765	1672729968766	OK	 
USER	Users	END	1672729968766
USER	Users	START	1672729969696
REQUEST		/event	1672729969696	1672729969764	OK	 
REQUEST		sse_check	1672729969764	1672729969764	OK	 
USER	Users	END	1672729969764
USER	Users	START	1672729970195
REQUEST		/event	1672729970195	1672729970260	OK	 
REQUEST		sse_check	1672729970260	1672729970261	OK	 
USER	Users	END	1672729970261
USER	Users	START	1672729970696
REQUEST		/event	1672729970696	1672729970761	OK	 
REQUEST		sse_check	1672729970761	1672729970762	OK	 
USER	Users	END	1672729970762
USER	Users	START	1672729971695
REQUEST		/event	1672729971695	1672729971762	OK	 
REQUEST		sse_check	1672729971762	1672729971762	OK	 
USER	Users	END	1672729971763
USER	Users	START	1672729972695
REQUEST		/event	1672729972695	1672729972762	OK	 
REQUEST		sse_check	1672729972762	1672729972763	OK	 
USER	Users	END	1672729972763
USER	Users	START	1672729973696
REQUEST		/event	1672729973696	1672729973765	OK	 
REQUEST		sse_check	1672729973765	1672729973765	OK	 
USER	Users	END	1672729973766
USER	Users	START	1672729974696
REQUEST		/event	1672729974696	1672729974763	OK	 
REQUEST		sse_check	1672729974763	1672729974763	OK	 
USER	Users	END	1672729974763
USER	Users	START	1672729975695
REQUEST		/event	1672729975695	1672729975760	OK	 
REQUEST		sse_check	1672729975760	1672729975760	OK	 
USER	Users	END	1672729975761
USER	Users	START	1672729976695
REQUEST		/event	1672729976695	1672729976762	OK	 
REQUEST		sse_check	1672729976762	1672729976762	OK	 
USER	Users	END	1672729976762
USER	Users	START	1672729977696
REQUEST		/event	1672729977696	1672729977765	OK	 
REQUEST		sse_check	1672729977765	1672729977765	OK	 
USER	Users	END	1672729977765
USER	Users	START	1672729978696
REQUEST		/event	1672729978696	1672729978762	OK	 
REQUEST		sse_check	1672729978762	1672729978762	OK	 
USER	Users	END	1672729978762
USER	Users	START	1672729979195
REQUEST		/event	1672729979195	1672729979260	OK	 
REQUEST		sse_check	1672729979260	1672729979261	OK	 
USER	Users	END	1672729979261
USER	Users	START	1672729979696
REQUEST		/event	1672729979696	1672729979761	OK	 
REQUEST		sse_check	1672729979761	1672729979761	OK	 
USER	Users	END	1672729979761
USER	Users	START	1672729980695
REQUEST		/event	1672729980695	1672729980761	OK	 
REQUEST		sse_check	1672729980761	1672729980761	OK	 
USER	Users	END	1672729980761
USER	Users	START	1672729981695
REQUEST		/event	1672729981695	1672729981761	OK	 
REQUEST		sse_check	1672729981761	1672729981762	OK	 
USER	Users	END	1672729981762
USER	Users	START	1672729982695
REQUEST		/event	1672729982695	1672729982765	OK	 
REQUEST		sse_check	1672729982765	1672729982765	OK	 
USER	Users	END	1672729982766
USER	Users	START	1672729983695
REQUEST		/event	1672729983695	1672729983762	OK	 
REQUEST		sse_check	1672729983762	1672729983762	OK	 
USER	Users	END	1672729983762
USER	Users	START	1672729984695
REQUEST		/event	1672729984695	1672729984764	OK	 
REQUEST		sse_check	1672729984764	1672729984764	OK	 
USER	Users	END	1672729984764
USER	Users	START	1672729985695
REQUEST		/event	1672729985695	1672729985761	OK	 
REQUEST		sse_check	1672729985761	1672729985761	OK	 
USER	Users	END	1672729985761
USER	Users	START	1672729986696
REQUEST		/event	1672729986696	1672729986761	OK	 
REQUEST		sse_check	1672729986761	1672729986762	OK	 
USER	Users	END	1672729986762
