RUN	sse_https.ComputerDatabaseSimulation	computerdatabasesimulation	1672730637430	 	3.9.0
USER	Users	START	1672730638357
USER	Users	START	1672730638416
REQUEST		/event	1672730638357	1672730638428	OK	 
REQUEST		/event	1672730638416	1672730638485	OK	 
USER	Users	START	1672730638499
REQUEST		/event	1672730638499	1672730638567	OK	 
USER	Users	START	1672730638583
REQUEST		/event	1672730638583	1672730638650	OK	 
USER	Users	START	1672730638667
REQUEST		/event	1672730638667	1672730638735	OK	 
USER	Users	START	1672730638750
REQUEST		/event	1672730638750	1672730638817	OK	 
USER	Users	START	1672730638835
REQUEST		/event	1672730638835	1672730638912	OK	 
USER	Users	START	1672730638918
REQUEST		/event	1672730638918	1672730638986	OK	 
USER	Users	START	1672730639002
REQUEST		/event	1672730639002	1672730639069	OK	 
USER	Users	START	1672730639086
REQUEST		/event	1672730639086	1672730639156	OK	 
USER	Users	START	1672730639169
REQUEST		/event	1672730639169	1672730639243	OK	 
USER	Users	START	1672730639253
REQUEST		/event	1672730639253	1672730639319	OK	 
USER	Users	START	1672730639337
REQUEST		/event	1672730639337	1672730639404	OK	 
USER	Users	START	1672730639428
REQUEST		/event	1672730639428	1672730639495	OK	 
USER	Users	START	1672730639518
REQUEST		/event	1672730639518	1672730639586	OK	 
USER	Users	START	1672730639610
REQUEST		/event	1672730639610	1672730639677	OK	 
USER	Users	START	1672730639701
REQUEST		/event	1672730639701	1672730639768	OK	 
USER	Users	START	1672730639793
REQUEST		/event	1672730639793	1672730639860	OK	 
USER	Users	START	1672730639884
REQUEST		/event	1672730639884	1672730639953	OK	 
USER	Users	START	1672730639974
REQUEST		/event	1672730639974	1672730640041	OK	 
USER	Users	START	1672730640066
REQUEST		/event	1672730640066	1672730640134	OK	 
USER	Users	START	1672730640157
REQUEST		/event	1672730640157	1672730640228	OK	 
USER	Users	START	1672730640247
REQUEST		/event	1672730640247	1672730640314	OK	 
USER	Users	START	1672730640338
REQUEST		/event	1672730640338	1672730640404	OK	 
USER	Users	START	1672730640419
REQUEST		/event	1672730640419	1672730640489	OK	 
USER	Users	START	1672730640510
REQUEST		/event	1672730640510	1672730640575	OK	 
USER	Users	START	1672730640602
REQUEST		/event	1672730640602	1672730640677	OK	 
USER	Users	START	1672730640692
REQUEST		/event	1672730640692	1672730640757	OK	 
USER	Users	START	1672730640784
REQUEST		/event	1672730640784	1672730640852	OK	 
USER	Users	START	1672730640875
REQUEST		/event	1672730640875	1672730640947	OK	 
USER	Users	START	1672730640966
REQUEST		/event	1672730640966	1672730641033	OK	 
USER	Users	START	1672730641057
REQUEST		/event	1672730641057	1672730641125	OK	 
USER	Users	START	1672730641148
REQUEST		/event	1672730641148	1672730641213	OK	 
USER	Users	START	1672730641239
REQUEST		/event	1672730641239	1672730641307	OK	 
USER	Users	START	1672730641330
REQUEST		/event	1672730641330	1672730641401	OK	 
USER	Users	START	1672730641420
REQUEST		/event	1672730641420	1672730641487	OK	 
USER	Users	START	1672730641511
REQUEST		/event	1672730641511	1672730641581	OK	 
USER	Users	START	1672730641602
REQUEST		/event	1672730641602	1672730641668	OK	 
USER	Users	START	1672730641693
REQUEST		/event	1672730641693	1672730641760	OK	 
USER	Users	START	1672730641784
REQUEST		/event	1672730641784	1672730641850	OK	 
USER	Users	START	1672730641875
REQUEST		/event	1672730641875	1672730641941	OK	 
USER	Users	START	1672730641966
REQUEST		/event	1672730641966	1672730642032	OK	 
USER	Users	START	1672730642058
REQUEST		/event	1672730642058	1672730642124	OK	 
USER	Users	START	1672730642149
REQUEST		/event	1672730642149	1672730642214	OK	 
USER	Users	START	1672730642239
REQUEST		/event	1672730642239	1672730642308	OK	 
USER	Users	START	1672730642330
REQUEST		/event	1672730642330	1672730642397	OK	 
USER	Users	START	1672730642420
REQUEST		/event	1672730642420	1672730642485	OK	 
USER	Users	START	1672730642511
REQUEST		/event	1672730642511	1672730642579	OK	 
USER	Users	START	1672730642602
REQUEST		/event	1672730642602	1672730642667	OK	 
USER	Users	START	1672730642693
REQUEST		/event	1672730642693	1672730642759	OK	 
USER	Users	START	1672730642784
REQUEST		/event	1672730642784	1672730642850	OK	 
USER	Users	START	1672730642875
REQUEST		/event	1672730642875	1672730642941	OK	 
USER	Users	START	1672730642966
REQUEST		/event	1672730642966	1672730643031	OK	 
USER	Users	START	1672730643057
REQUEST		/event	1672730643057	1672730643124	OK	 
USER	Users	START	1672730643148
REQUEST		/event	1672730643148	1672730643215	OK	 
USER	Users	START	1672730643239
REQUEST		/event	1672730643239	1672730643309	OK	 
USER	Users	START	1672730643330
REQUEST		/event	1672730643330	1672730643396	OK	 
USER	Users	START	1672730643420
REQUEST		sse_check	1672730638428	1672730643429	KO	Check sse_check timeout
USER	Users	END	1672730643432
REQUEST		sse_check	1672730638485	1672730643485	KO	Check sse_check timeout
USER	Users	END	1672730643485
REQUEST		/event	1672730643419	1672730643486	OK	 
USER	Users	START	1672730643511
REQUEST		sse_check	1672730638567	1672730643567	KO	Check sse_check timeout
USER	Users	END	1672730643568
REQUEST		/event	1672730643511	1672730643577	OK	 
USER	Users	START	1672730643602
REQUEST		sse_check	1672730638650	1672730643651	KO	Check sse_check timeout
USER	Users	END	1672730643651
REQUEST		/event	1672730643602	1672730643667	OK	 
USER	Users	START	1672730643693
REQUEST		sse_check	1672730638735	1672730643735	KO	Check sse_check timeout
USER	Users	END	1672730643735
REQUEST		/event	1672730643693	1672730643759	OK	 
USER	Users	START	1672730643784
REQUEST		sse_check	1672730638817	1672730643817	KO	Check sse_check timeout
USER	Users	END	1672730643818
REQUEST		/event	1672730643784	1672730643853	OK	 
USER	Users	START	1672730643875
REQUEST		sse_check	1672730638912	1672730643912	KO	Check sse_check timeout
USER	Users	END	1672730643912
REQUEST		/event	1672730643875	1672730643942	OK	 
USER	Users	START	1672730643966
REQUEST		sse_check	1672730638986	1672730643986	KO	Check sse_check timeout
USER	Users	END	1672730643987
REQUEST		/event	1672730643966	1672730644032	OK	 
USER	Users	START	1672730644057
REQUEST		sse_check	1672730639069	1672730644070	KO	Check sse_check timeout
USER	Users	END	1672730644070
REQUEST		/event	1672730644057	1672730644125	OK	 
USER	Users	START	1672730644148
REQUEST		sse_check	1672730639156	1672730644156	KO	Check sse_check timeout
USER	Users	END	1672730644156
REQUEST		/event	1672730644148	1672730644213	OK	 
USER	Users	START	1672730644239
REQUEST		sse_check	1672730639243	1672730644243	KO	Check sse_check timeout
USER	Users	END	1672730644243
REQUEST		/event	1672730644239	1672730644306	OK	 
REQUEST		sse_check	1672730639319	1672730644320	KO	Check sse_check timeout
USER	Users	END	1672730644320
USER	Users	START	1672730644330
REQUEST		/event	1672730644330	1672730644395	OK	 
REQUEST		sse_check	1672730639404	1672730644404	KO	Check sse_check timeout
USER	Users	END	1672730644404
USER	Users	START	1672730644420
REQUEST		/event	1672730644420	1672730644485	OK	 
REQUEST		sse_check	1672730639495	1672730644495	KO	Check sse_check timeout
USER	Users	END	1672730644495
USER	Users	START	1672730644511
REQUEST		/event	1672730644511	1672730644580	OK	 
REQUEST		sse_check	1672730639586	1672730644587	KO	Check sse_check timeout
USER	Users	END	1672730644587
USER	Users	START	1672730644602
REQUEST		/event	1672730644602	1672730644668	OK	 
REQUEST		sse_check	1672730639677	1672730644677	KO	Check sse_check timeout
USER	Users	END	1672730644677
USER	Users	START	1672730644693
REQUEST		/event	1672730644693	1672730644759	OK	 
REQUEST		sse_check	1672730639768	1672730644768	KO	Check sse_check timeout
USER	Users	END	1672730644769
USER	Users	START	1672730644784
REQUEST		/event	1672730644784	1672730644853	OK	 
REQUEST		sse_check	1672730639860	1672730644860	KO	Check sse_check timeout
USER	Users	END	1672730644861
USER	Users	START	1672730644876
REQUEST		/event	1672730644876	1672730644942	OK	 
REQUEST		sse_check	1672730639953	1672730644953	KO	Check sse_check timeout
USER	Users	END	1672730644953
USER	Users	START	1672730644967
REQUEST		/event	1672730644967	1672730645032	OK	 
REQUEST		sse_check	1672730640041	1672730645041	KO	Check sse_check timeout
USER	Users	END	1672730645041
USER	Users	START	1672730645058
REQUEST		