RUN	sse_https.ComputerDatabaseSimulation	computerdatabasesimulation	1672730862694	 	3.9.0
USER	Users	START	1672730863646
REQUEST		/event	1672730863646	1672730863832	OK	 
USER	Users	START	1672730864127
REQUEST		/event	1672730864127	1672730864292	OK	 
USER	Users	START	1672730864624
REQUEST		/event	1672730864624	1672730864713	OK	 
REQUEST		sse_check	1672730863832	1672730864834	KO	Check sse_check timeout
USER	Users	END	1672730864836
REQUEST		sse_check	1672730864292	1672730865293	KO	Check sse_check timeout
USER	Users	END	1672730865293
USER	Users	START	1672730865625
REQUEST		/event	1672730865625	1672730865695	OK	 
REQUEST		sse_check	1672730864713	1672730865713	KO	Check sse_check timeout
USER	Users	END	1672730865714
USER	Users	START	1672730866618
REQUEST		/event	1672730866618	1672730866688	OK	 
REQUEST		sse_check	1672730865695	1672730866695	KO	Check sse_check timeout
USER	Users	END	1672730866696
USER	Users	START	1672730867618
REQUEST		/event	1672730867618	1672730867686	OK	 
REQUEST		sse_check	1672730866688	1672730867688	KO	Check sse_check timeout
USER	Users	END	1672730867689
USER	Users	START	1672730868619
REQUEST		sse_check	1672730867686	1672730868687	KO	Check sse_check timeout
USER	Users	END	1672730868687
REQUEST		/event	1672730868619	1672730868725	OK	 
USER	Users	START	1672730869618
REQUEST		sse_check	1672730868725	1672730869726	KO	Check sse_check timeout
USER	Users	END	1672730869726
REQUEST		/event	1672730869618	1672730869776	OK	 
USER	Users	START	1672730870618
REQUEST		/event	1672730870618	1672730870692	OK	 
REQUEST		sse_check	1672730869776	1672730870777	KO	Check sse_check timeout
USER	Users	END	1672730870777
USER	Users	START	1672730871618
REQUEST		/event	1672730871618	1672730871688	OK	 
REQUEST		sse_check	1672730870692	1672730871693	KO	Check sse_check timeout
USER	Users	END	1672730871693
USER	Users	START	1672730872618
REQUEST		/event	1672730872618	1672730872686	OK	 
REQUEST		sse_check	1672730871688	1672730872689	KO	Check sse_check timeout
USER	Users	END	1672730872689
USER	Users	START	1672730873118
REQUEST		/event	1672730873118	1672730873188	OK	 
USER	Users	START	1672730873618
REQUEST		/event	1672730873618	1672730873686	OK	 
REQUEST		sse_check	1672730872686	1672730873687	KO	Check sse_check timeout
USER	Users	END	1672730873688
REQUEST		sse_check	1672730873188	1672730874188	KO	Check sse_check timeout
USER	Users	END	1672730874189
USER	Users	START	1672730874618
REQUEST		sse_check	1672730873686	1672730874688	KO	Check sse_check timeout
USER	Users	END	1672730874688
REQUEST		/event	1672730874618	1672730874689	OK	 
USER	Users	START	1672730875619
REQUEST		/event	1672730875619	1672730875687	OK	 
REQUEST		sse_check	1672730874689	1672730875690	KO	Check sse_check timeout
USER	Users	END	1672730875690
USER	Users	START	1672730876618
REQUEST		/event	1672730876618	1672730876687	OK	 
REQUEST		sse_check	1672730875687	1672730876688	KO	Check sse_check timeout
USER	Users	END	1672730876689
USER	Users	START	1672730877618
REQUEST		sse_check	1672730876687	1672730877688	KO	Check sse_check timeout
USER	Users	END	1672730877688
USER	Users	START	1672730878618
REQUEST		/event	1672730878618	1672730878686	OK	 
REQUEST		/event	1672730877618	1672730878700	OK	 
USER	Users	START	1672730879619
REQUEST		/event	1672730879619	1672730879687	OK	 
REQUEST		sse_check	1672730878686	1672730879688	KO	Check sse_check timeout
USER	Users	END	1672730879688
REQUEST		sse_check	1672730878700	1672730879700	KO	Check sse_check timeout
USER	Users	END	1672730879701
USER	Users	START	1672730880618
REQUEST		/event	1672730880618	1672730880685	OK	 
REQUEST		sse_check	1672730879687	1672730880687	KO	Check sse_check timeout
USER	Users	END	1672730880688
USER	Users	START	1672730881618
REQUEST		sse_check	1672730880685	1672730881686	KO	Check sse_check timeout
REQUEST		/event	1672730881618	1672730881686	OK	 
USER	Users	END	1672730881687
USER	Users	START	1672730882118
REQUEST		/event	1672730882118	1672730882187	OK	 
USER	Users	START	1672730882619
REQUEST		/event	1672730882619	1672730882685	OK	 
REQUEST		sse_check	1672730881686	1672730882686	KO	Check sse_check timeout
USER	Users	END	1672730882687
REQUEST		sse_check	1672730882187	1672730883188	KO	Check sse_check timeout
USER	Users	END	1672730883188
USER	Users	START	1672730883618
REQUEST		sse_check	1672730882685	1672730883686	KO	Check sse_check timeout
USER	Users	END	1672730883686
REQUEST		/event	1672730883618	1672730883690	OK	 
USER	Users	START	1672730884618
REQUEST		/event	1672730884618	1672730884686	OK	 
REQUEST		sse_check	1672730883690	1672730884691	KO	Check sse_check timeout
USER	Users	END	1672730884692
USER	Users	START	1672730885617
REQUEST		/event	1672730885617	1672730885686	OK	 
REQUEST		sse_check	1672730884686	1672730885687	KO	Check sse_check timeout
USER	Users	END	1672730885687
USER	Users	START	1672730886618
REQUEST		/event	1672730886618	1672730886684	OK	 
REQUEST		sse_check	1672730885686	1672730886687	KO	Check sse_check timeout
USER	Users	END	1672730886688
USER	Users	START	1672730887618
REQUEST		/event	1672730887618	1672730887686	OK	 
REQUEST		sse_check	1672730886684	1672730887686	KO	Check sse_check timeout
USER	Users	END	1672730887686
USER	Users	START	1672730888618
REQUEST		/event	1672730888618	1672730888685	OK	 
REQUEST		sse_check	1672730887686	1672730888686	KO	Check sse_check timeout
USER	Users	END	1672730888686
USER	Users	START	1672730889618
REQUEST		/event	1672730889618	1672730889684	OK	 
REQUEST		sse_check	1672730888685	1672730889686	KO	Check sse_check timeout
USER	Users	END	1672730889686
USER	Users	START	1672730890618
REQUEST		/event	1672730890618	1672730890684	OK	 
REQUEST		sse_check	1672730889684	1672730890685	KO	Check sse_check timeout
USER	Users	END	1672730890685
USER	Users	START	1672730891117
REQUEST		/event	1672730891117	1672730891183	OK	 
USER	Users	START	1672730891618
REQUEST		/event	1672730891618	1672730891685	OK	 
REQUEST		sse_check	1672730890684	1672730891685	KO	Check sse_check timeout
USER	Users	END	1672730891686
REQUEST		sse_check	1672730891183	1672730892184	KO	Check sse_check timeout
USER	Users	END	1672730892184
USER	Users	START	1672730892618
REQUEST		/event	1672730892618	1672730892684	OK	 
REQUEST		sse_check	1672730891685	1672730892686	KO	Check sse_check timeout
USER	Users	END	1672730892686
USER	Users	START	1672730893620
REQUEST		sse_check	1672730892684	1672730893684	KO	Check sse_check timeout
USER	Users	END	1672730893685
REQUEST		/event	1672730893620	1672730893686	OK	 
USER	Users	START	1672730894617
REQUEST		sse_check	1672730893686	1672730894686	KO	Check sse_check timeout
USER	Users	END	1672730894687
REQUEST		/event	1672730894617	1672730894688	OK	 
USER	Users	START	1672730895618
REQUEST		/event	1672730895618	1672730895683	OK	 
REQUEST		sse_check	1672730894688	1672730895689	KO	Check sse_check timeout
USER	Users	END	1672730895689
USER	Users	START	1672730896618
REQUEST		sse_check	1672730895683	1672730896683	KO	Check sse_check timeout
USER	Users	END	1672730896684
REQUEST		/event	1672730896618	1672730896684	OK	 
USER	Users	START	1672730897618
REQUEST		/event	1672730897618	1672730897685	OK	 
REQUEST		sse_check	1672730896684	1672730897685	KO	Check sse_check timeout
USER	Users	END	1672730897686
USER	Users	START	1672730898618
REQUEST		/event	1672730898618	1672730898683	OK	 
REQUEST		sse_check	1672730897685	1672730898685	KO	Check sse_check timeout
USER	Users	END	1672730898685
USER	Users	START	1672730899618
REQUEST		sse_check	1672730898683	1672730899684	KO	Check sse_check timeout
USER	Users	END	1672730899684
REQUEST		/event	1672730899618	1672730899687	OK	 
USER	Users	START	1672730900118
REQUEST		/event	1672730900118	1672730900190	OK	 
USER	Users	START	1672730900619
REQUEST		/event	1672730900619	1672730900686	OK	 
REQUEST		sse_check	1672730899687	1672730900687	KO	Check sse_check timeout
USER	Users	END	1672730900688
REQUEST		sse_check	1672730900190	1672730901191	KO	Check sse_check timeout
USER	Users	END	1672730901191
USER	Users	START	1672730901618
REQUEST		/event	1672730901618	1672730901684	OK	 
REQUEST		sse_check	1672730900686	1672730901686	KO	Check sse_check timeout
USER	Users	END	1672730901686
USER	Users	START	1672730902618
REQUEST		/event	1672730902618	1672730902685	OK	 
REQUEST		sse_check	1672730901684	1672730902685	KO	