RUN	computerdatabase.ComputerDatabaseSimulation	computerdatabasesimulation	1672662334773	 	3.9.0
USER	Admins	START	1672662335706
USER	Users	START	1672662335706
USER	Users	START	1672662336683
REQUEST		Home	1672662335703	1672662336816	OK	 
REQUEST		Home	1672662335703	1672662336886	OK	 
REQUEST		Home Redirect 1	1672662336821	1672662337109	OK	 
REQUEST		Home Redirect 1	1672662336887	1672662337186	OK	 
USER	Users	START	1672662337684
REQUEST		Home	1672662336682	1672662337776	OK	 
REQUEST		Home Redirect 1	1672662337776	1672662338053	OK	 
REQUEST		Search	1672662338118	1672662338397	OK	 
REQUEST		Search	1672662338187	1672662338485	OK	 
USER	Users	START	1672662338679
REQUEST		Home	1672662337683	1672662338779	OK	 
REQUEST		Home Redirect 1	1672662338780	1672662339058	OK	 
REQUEST		Search	1672662339055	1672662339331	OK	 
USER	Users	START	1672662339680
REQUEST		Select	1672662339446	1672662339726	OK	 
REQUEST		Home	1672662338679	1672662339742	OK	 
REQUEST		Select	1672662339488	1672662339785	OK	 
REQUEST		Home Redirect 1	1672662339742	1672662340013	OK	 
REQUEST		Search	1672662340060	1672662340337	OK	 
REQUEST		Select	1672662340335	1672662340610	OK	 
USER	Users	START	1672662340680
USER	Admins	START	1672662340680
REQUEST		Home	1672662339679	1672662340902	OK	 
REQUEST		Page 0	1672662340730	1672662341009	OK	 
REQUEST		Page 0	1672662340785	1672662341083	OK	 
REQUEST		Home Redirect 1	1672662340903	1672662341203	OK	 
REQUEST		Search	1672662341014	1672662341282	OK	 
REQUEST		Select	1672662341339	1672662341615	OK	 
USER	Users	START	1672662341679
REQUEST		Home	1672662340679	1672662341737	OK	 
REQUEST		Home	1672662340679	1672662341826	OK	 
REQUEST		Page 0	1672662341612	1672662341887	OK	 
REQUEST		Home Redirect 1	1672662341737	1672662342006	OK	 
REQUEST		Home Redirect 1	1672662341826	1672662342113	OK	 
REQUEST		Page 1	1672662342011	1672662342287	OK	 
REQUEST		Page 1	1672662342084	1672662342383	OK	 
REQUEST		Search	1672662342204	1672662342501	OK	 
REQUEST		Select	1672662342284	1672662342550	OK	 
USER	Users	START	1672662342679
REQUEST		Home	1672662341679	1672662342884	OK	 
REQUEST		Page 0	1672662342617	1672662342893	OK	 
REQUEST		Page 1	1672662342888	1672662343163	OK	 
REQUEST		Home Redirect 1	1672662342884	1672662343188	OK	 
REQUEST		Search	1672662343008	1672662343271	OK	 
REQUEST		Search	1672662343115	1672662343401	OK	 
REQUEST		Page 2	1672662343288	1672662343567	OK	 
USER	Users	START	1672662343679
REQUEST		Page 2	1672662343385	1672662343682	OK	 
REQUEST		Home	1672662342678	1672662343744	OK	 
REQUEST		Select	1672662343503	1672662343800	OK	 
REQUEST		Page 0	1672662343551	1672662343818	OK	 
REQUEST		Home Redirect 1	1672662343744	1672662344014	OK	 
REQUEST		Page 1	1672662343894	1672662344170	OK	 
REQUEST		Page 2	1672662344164	1672662344438	OK	 
REQUEST		Search	1672662344189	1672662344493	OK	 
REQUEST		Select	1672662344272	1672662344535	OK	 
USER	Users	START	1672662344678
REQUEST		Select	1672662344403	1672662344689	OK	 
REQUEST		Page 3	1672662344568	1672662344846	OK	 
REQUEST		Home	1672662343678	1672662344851	OK	 
REQUEST		Page 3	1672662344684	1672662344982	OK	 
REQUEST		Page 1	1672662344819	1672662345087	OK	 
REQUEST		Page 0	1672662344801	1672662345098	OK	 
REQUEST		Home Redirect 1	1672662344851	1672662345148	OK	 
REQUEST		Search	1672662345015	1672662345284	OK	 
REQUEST		Page 2	1672662345172	1672662345447	OK	 
REQUEST		Page 3	1672662345440	1672662345713	OK	 
REQUEST		Select	1672662345495	1672662345797	OK	 
REQUEST		Page 0	1672662345536	1672662345800	OK	 
REQUEST		Home	1672662344678	1672662345847	OK	 
USER	Users	END	1672662345848
REQUEST		Page 0	1672662345690	1672662345976	OK	 
REQUEST		Home Redirect 1	1672662345848	1672662346141	OK	 
REQUEST		Form	1672662345983	1672662346279	OK	 
REQUEST		Page 2	1672662346088	1672662346355	OK	 
REQUEST		Page 1	1672662346099	1672662346396	OK	 
REQUEST		Search	1672662346150	1672662346445	OK	 
REQUEST		Select	1672662346286	1672662346554	OK	 
USER	Users	END	1672662346714
REQUEST		Page 3	1672662346448	1672662346725	OK	 
REQUEST		Page 1	1672662346800	1672662347064	OK	 
REQUEST		Page 0	1672662346798	1672662347102	OK	 
REQUEST		Page 1	1672662346977	1672662347263	OK	 
REQUEST		Search	1672662347142	1672662347436	OK	 
REQUEST		Post	1672662347282	1672662347579	OK	 
REQUEST		Page 3	1672662347356	1672662347623	OK	 
REQUEST		Page 2	1672662347397	1672662347694	OK	 
USER	Users	END	1672662347725
REQUEST		Select	1672662347447	1672662347742	OK	 
REQUEST		Page 0	1672662347556	1672662347824	OK	 
REQUEST		Post Redirect 1	1672662347584	1672662347882	KO	status.find.is(201), but actually found 200
REQUEST		Form	1672662347885	1672662348183	OK	 
REQUEST		Page 2	1672662348065	1672662348328	OK	 
REQUEST		Page 1	1672662348103	1672662348406	OK	 
REQUEST		Page 2	1672662348264	1672662348551	OK	 
USER	Users	END	1672662348625
REQUEST		Select	1672662348438	1672662348732	OK	 
REQUEST		Page 3	1672662348695	1672662348992	OK	 
REQUEST		Page 0	1672662348743	1672662349038	OK	 
REQUEST		Page 1	1672662348825	1672662349093	OK	 
REQUEST		Post	1672662349185	1672662349480	OK	 
REQUEST		Page 3	1672662349329	1672662349592	OK	 
REQUEST		Page 2	1672662349408	1672662349711	OK	 
REQUEST		Post Redirect 1	1672662349481	1672662349778	OK	 
USER	Admins	END	1672662349780
REQUEST		Page 3	1672662349552	1672662349839	OK	 
USER	Users	END	1672662349993
REQUEST		Page 0	1672662349732	1672662350026	OK	 
REQUEST		Page 1	1672662350039	1672662350334	OK	 
REQUEST		Page 2	1672662350095	1672662350364	OK	 
USER	Users	END	1672662350841
REQUEST		Form	1672662350594	1672662350856	OK	 
REQUEST		Page 3	1672662350712	1672662351015	OK	 
REQUEST		Page 1	1672662351027	1672662351327	OK	 
REQUEST		Page 2	1672662351336	1672662351630	OK	 
REQUEST		Page 3	1672662351364	1672662351633	OK	 
USER	Users	END	1672662352016
REQUEST		Post	1672662351857	1672662352120	OK	 
REQUEST		Post Redirect 1	1672662352120	1672662352384	OK	 
USER	Admins	END	1672662352385
REQUEST		Page 2	1672662352328	1672662352622	OK	 
USER	Users	END	1672662352634
REQUEST		Page 3	1672662352632	1672662352927	OK	 
REQUEST		Page 3	1672662353624	1672662353918	OK	 
USER	Users	END	1672662353928
USER	Users	END	1672662354919
