RUN	computerdatabase.ComputerDatabaseSimulation	computerdatabasesimulation	1672663676463	 	3.9.0
USER	Users	START	1672663677339
REQUEST		Home	1672663677339	1672663677346	OK	 
REQUEST		checkName	1672663677346	1672663677398	KO	regex(event: snapshot(.*)).find.exists, found nothing
USER	Users	START	1672663677414
REQUEST		Home	1672663677414	1672663677421	OK	 
REQUEST		Form	1672663677412	1672663677419	OK	 
REQUEST		checkName	1672663677421	1672663677465	KO	regex(event: snapshot(.*)).find.exists, found nothing
REQUEST		Form	1672663677466	1672663677471	OK	 
USER	Users	START	1672663677515
REQUEST		Home	1672663677515	1672663677520	OK	 
REQUEST		checkName	1672663677520	1672663677561	KO	regex(event: snapshot(.*)).find.exists, found nothing
REQUEST		Form	1672663677561	1672663677565	OK	 
USER	Users	START	1672663677615
REQUEST		Home	1672663677615	1672663677621	OK	 
REQUEST		checkName	1672663677621	1672663677661	KO	regex(event: snapshot(.*)).find.exists, found nothing
REQUEST		Form	1672663677661	1672663677665	OK	 
USER	Users	START	1672663677715
REQUEST		Home	1672663677715	1672663677720	OK	 
REQUEST		checkName	1672663677720	1672663677761	KO	regex(event: snapshot(.*)).find.exists, found nothing
REQUEST		Form	1672663677761	1672663677765	OK	 
USER	Users	START	1672663677815
REQUEST		Home	1672663677815	1672663677820	OK	 
REQUEST		checkName	1672663677820	1672663677861	KO	regex(event: snapshot(.*)).find.exists, found nothing
REQUEST		Form	1672663677861	1672663677866	OK	 
USER	Users	START	1672663677916
REQUEST		Home	1672663677916	1672663677920	OK	 
REQUEST		checkName	1672663677920	1672663677961	KO	regex(event: snapshot(.*)).find.exists, found nothing
REQUEST		Form	1672663677961	1672663677965	OK	 
USER	Users	START	1672663678016
REQUEST		Home	1672663678016	1672663678020	OK	 
REQUEST		checkName	1672663678020	1672663678061	KO	regex(event: snapshot(.*)).find.exists, found nothing
REQUEST		Form	1672663678061	1672663678065	OK	 
USER	Users	START	1672663678116
REQUEST		Home	1672663678116	1672663678121	OK	 
REQUEST		checkName	1672663678121	1672663678165	KO	regex(event: snapshot(.*)).find.exists, found nothing
REQUEST		Form	1672663678165	1672663678168	OK	 
USER	Users	START	1672663678217
REQUEST		Home	1672663678216	1672663678221	OK	 
REQUEST		checkName	1672663678221	1672663678265	KO	regex(event: snapshot(.*)).find.exists, found nothing
REQUEST		Form	1672663678265	1672663678268	OK	 
USER	Users	START	1672663678317
REQUEST		Home	1672663678317	1672663678321	OK	 
REQUEST		checkName	1672663678321	1672663678365	KO	regex(event: snapshot(.*)).find.exists, found nothing
REQUEST		Form	1672663678366	1672663678370	OK	 
USER	Users	START	1672663678417
REQUEST		Home	1672663678417	1672663678422	OK	 
USER	Users	END	1672663678433
REQUEST		checkName	1672663678422	1672663678465	KO	regex(event: snapshot(.*)).find.exists, found nothing
REQUEST		Form	1672663678465	1672663678468	OK	 
USER	Users	END	1672663678472
USER	Users	START	1672663678518
REQUEST		Home	1672663678517	1672663678522	OK	 
REQUEST		checkName	1672663678522	1672663678565	KO	regex(event: snapshot(.*)).find.exists, found nothing
USER	Users	END	1672663678566
REQUEST		Form	1672663678565	1672663678569	OK	 
USER	Users	START	1672663678618
REQUEST		Home	1672663678618	1672663678622	OK	 
REQUEST		checkName	1672663678622	1672663678665	KO	regex(event: snapshot(.*)).find.exists, found nothing
USER	Users	END	1672663678666
REQUEST		Form	1672663678665	1672663678669	OK	 
USER	Users	START	1672663678718
REQUEST		Home	1672663678718	1672663678722	OK	 
REQUEST		checkName	1672663678722	1672663678765	KO	regex(event: snapshot(.*)).find.exists, found nothing
USER	Users	END	1672663678766
REQUEST		Form	1672663678765	1672663678768	OK	 
USER	Users	START	1672663678818
REQUEST		Home	1672663678818	1672663678822	OK	 
REQUEST		checkName	1672663678822	1672663678865	KO	regex(event: snapshot(.*)).find.exists, found nothing
USER	Users	END	1672663678867
REQUEST		Form	1672663678866	1672663678895	OK	 
USER	Users	START	1672663678918
REQUEST		Home	1672663678918	1672663678922	OK	 
REQUEST		checkName	1672663678922	1672663678965	KO	regex(event: snapshot(.*)).find.exists, found nothing
USER	Users	END	1672663678966
REQUEST		Form	1672663678966	1672663678969	OK	 
USER	Users	START	1672663679018
REQUEST		Home	1672663679018	1672663679022	OK	 
USER	Users	END	1672663679066
REQUEST		checkName	1672663679022	1672663679069	KO	regex(event: snapshot(.*)).find.exists, found nothing
REQUEST		Form	1672663679069	1672663679072	OK	 
USER	Users	START	1672663679118
REQUEST		Home	1672663679118	1672663679122	OK	 
REQUEST		checkName	1672663679122	1672663679165	KO	regex(event: snapshot(.*)).find.exists, found nothing
REQUEST		Form	1672663679166	1672663679168	OK	 
USER	Users	END	1672663679169
USER	Users	START	1672663679217
REQUEST		Home	1672663679217	1672663679222	OK	 
REQUEST		checkName	1672663679222	1672663679265	KO	regex(event: snapshot(.*)).find.exists, found nothing
REQUEST		Form	1672663679265	1672663679269	OK	 
USER	Users	END	1672663679270
USER	Users	START	1672663679317
REQUEST		Home	1672663679317	1672663679321	OK	 
REQUEST		checkName	1672663679321	1672663679365	KO	regex(event: snapshot(.*)).find.exists, found nothing
REQUEST		Form	1672663679365	1672663679368	OK	 
USER	Users	END	1672663679371
USER	Users	START	1672663679412
REQUEST		Home	1672663679412	1672663679416	OK	 
REQUEST		checkName	1672663679416	1672663679457	KO	regex(event: snapshot(.*)).find.exists, found nothing
REQUEST		Form	1672663679457	1672663679460	OK	 
USER	Users	END	1672663679470
USER	Users	START	1672663679512
REQUEST		Home	1672663679512	1672663679515	OK	 
REQUEST		checkName	1672663679515	1672663679561	KO	regex(event: snapshot(.*)).find.exists, found nothing
REQUEST		Form	1672663679561	1672663679565	OK	 
USER	Users	END	1672663679570
USER	Users	START	1672663679612
REQUEST		Home	1672663679612	1672663679615	OK	 
REQUEST		checkName	1672663679615	1672663679657	KO	regex(event: snapshot(.*)).find.exists, found nothing
REQUEST		Form	1672663679657	1672663679660	OK	 
USER	Users	END	1672663679670
USER	Users	START	1672663679712
REQUEST		Home	1672663679712	1672663679714	OK	 
REQUEST		checkName	1672663679714	1672663679761	KO	regex(event: snapshot(.*)).find.exists, found nothing
REQUEST		Form	1672663679761	1672663679765	OK	 
USER	Users	END	1672663679769
USER	Users	START	1672663679812
REQUEST		Home	1672663679812	1672663679815	OK	 
REQUEST		checkName	1672663679815	1672663679857	KO	regex(event: snapshot(.*)).find.exists, found nothing
REQUEST		Form	1672663679857	1672663679862	OK	 
USER	Users	END	1672663679896
USER	Users	START	1672663679912
REQUEST		Home	1672663679912	1672663679914	OK	 
REQUEST		checkName	1672663679914	1672663679957	KO	regex(event: snapshot(.*)).find.exists, found nothing
REQUEST		Form	1672663679957	1672663679960	OK	 
USER	Users	END	1672663679970
USER	Users	START	1672663680012
REQUEST		Home	1672663680012	1672663680014	OK	 
REQUEST		checkName	1672663680014	1672663680057	KO	regex(event: snapshot(.*)).find.exists, found nothing
REQUEST		Form	1672663680057	1672663680060	OK	 
USER	Users	END	1672663680073
USER	Users	START	1672663680112
REQUEST		Home	1672663680112	1672663680115	OK	 
REQUEST		checkName	1672663680115	1672663680157	KO	regex(event: snapshot(.*)).find.exists, found nothing
REQUEST		Form	1672663680157	1672663680160	OK	 
USER	Users	END	1672663680170
USER	Users	START	1672663680212
REQUEST		Home	1672663680212	1672663680215	OK	 
REQUEST		checkName	1672663680215	1672663680257	KO	regex(event: snapshot(.*)).find.exists, found nothing
REQUEST		Form	1672663680257	1672663680260	OK	 
USER	Users	END	1672663680270
USER	Users	START	1672663680312
REQUEST		Home	1672663680312	1672663680315	OK	 
REQUEST		checkName	1672663680315	1672663680357	KO	regex(event: snapshot(.*)).find.exists, found nothing
REQUEST		Form	1672663680357	1672663680360	OK	 
USER	Users	END	1672663680370
USER	Users	START	1672663680411
REQUEST		Home	1672663680410	1672663680413	OK	 
REQUEST		checkName	1672663680413	1672663680461	KO	regex(event: snapshot(.*)).find.exists, found nothing
USER	Users	END	1672663680461
REQUEST		Form	1672663680461	1672663680465	OK	 
USER	Users	START	1672663680511
REQUEST		Home	1672663680511	1672663680513	OK	 
REQUEST		checkName	1672663680513	1672663680561	KO	regex(event: snapshot(.*)).find.exists, found nothing
REQUEST		Form	1672663680561	1672663680565	OK	 
USER	Users	END	1672663680566
USER	Users	START	1672663680611
REQUEST		Home	1672663680611	1672663680613	OK	 
REQUEST		checkName	1672663680613	1672663680657	KO	regex(event: snapshot(.*)).find.exists, found nothing
REQUEST		Form	1672663680657	1672663680660	OK	 
USER	Users	END	1672663680661
USER	Users	START	1672663680711
REQUEST		Home	1672663680711	1672663680713	OK	 
REQUEST		checkName	1672663680713	1672663680757	KO	regex(event: snapshot(.*)).find.exists, found nothing
REQUEST		Form	1672663680757	1672663680760	OK	 
USER	Users	END	1672663680766
USER	Users	START	1672663680811
REQUEST		Home	1672663680811	1672663680813	OK	 
REQUEST		checkName	1672663680813	1672663680861	KO	regex(event: snapshot(.*)).find.exists, found nothing
USER	Users	END	1672663680863
REQUEST		Form	1672663680861	1672663680864	OK	 
USER	Users	START	1672663680911
REQUEST		Home	1672663680911	1672663680913	OK	 
REQUEST		checkName	1672663680913	1672663680957	KO	regex(event: snapshot(.*)).find.exists, found nothing
REQUEST		Form	1672663680957	1672663680960	OK	 
USER	Users	END	1672663680961
USER	Users	START	1672663681011
REQUEST		Home	1672663681011	1672663681014	OK	 
REQUEST		checkName	1672663681014	1672663681061	KO	regex(event: snapshot(.*)).find.exists, found nothing
USER	Users	END	1672663681061
REQUEST		Form	1672663681061	1672663681064	OK	 
USER	Users	START	1672663681111
REQUEST		Home	1672663681111	1672663681113	OK	 
REQUEST		checkName	1672663681113	1672663681157	KO	regex(event: snapshot(.*)).find.exists, found nothing
REQUEST		Form	1672663681157	1672663681160	OK	 
USER	Users	END	1672663681161
USER	Users	START	1672663681211
REQUEST		Home	1672663681211	1672663681214	OK	 
REQUEST		checkName	1672663681214	1672663681261	KO	regex(event: snapshot(.*)).find.exists, found nothing
USER	Users	END	1672663681261
REQUEST		Form	1672663681261	1672663681264	OK	 
USER	Users	START	1672663681311
REQUEST		Home	1672663681311	1672663681313	OK	 
REQUEST		checkName	1672663681313	1672663681357	KO	regex(event: snapshot(.*)).find.exists, found nothing
REQUEST		Form	1672663681357	1672663681360	OK	 
USER	Users	END	1672663681361
USER	Users	START	1672663681411
REQUEST		Home	1672663681411	1672663681413	OK	 
REQUEST		checkName	1672663681413	1672663681457	KO	regex(event: snapshot(.*)).find.exists, found nothing
REQUEST		Form	1672663681457	1672663681460	OK	 
USER	Users	END	1672663681466
USER	Users	START	1672663681511
REQUEST		Home	1672663681511	1672663681513	OK	 
REQUEST		checkName	1672663681513	1672663681561	KO	regex(event: snapshot(.*)).find.exists, found nothing
REQUEST		Form	1672663681561	1672663681564	OK	 
USER	Users	END	1672663681566
USER	Users	START	1672663681611
REQUEST		Home	1672663681611	1672663681613	OK	 
REQUEST		checkName	1672663681613	1672663681657	KO	regex(event: snapshot(.*)).find.exists, found nothing
REQUEST		Form	1672663681657	1672663681660	OK	 
USER	Users	END	1672663681661
USER	Users	START	1672663681711
REQUEST		Home	1672663681711	1672663681713	OK	 
REQUEST		checkName	1672663681713	1672663681757	KO	regex(event: snapshot(.*)).find.exists, found nothing
REQUEST		Form	1672663681757	1672663681760	OK	 
USER	Users	END	1672663681761
USER	Users	START	1672663681811
REQUEST		Home	1672663681811	1672663681813	OK	 
REQUEST		checkName	1672663681813	1672663681857	KO	regex(event: snapshot(.*)).find.exists, found nothing
REQUEST		Form	1672663681857	1672663681862	OK	 
USER	Users	END	1672663681866
USER	Users	START	1672663681911
REQUEST		Home	1672663681911	1672663681913	OK	 
REQUEST		checkName	1672663681913	1672663681957	KO	regex(event: snapshot(.*)).find.exists, found nothing
REQUEST		Form	1672663681957	1672663681960	OK	 
USER	Users	END	1672663681961
USER	Users	START	1672663682011
REQUEST		Home	1672663682011	1672663682014	OK	 
REQUEST		checkName	1672663682014	1672663682057	KO	regex(event: snapshot(.*)).find.exists, found nothing
REQUEST		Form	1672663682057	1672663682060	OK	 
USER	Users	END	1672663682066
USER	Users	START	1672663682111
REQUEST		Home	1672663682111	1672663682114	OK	 
REQUEST		checkName	1672663682114	1672663682161	KO	regex(event: snapshot(.*)).find.exists, found nothing
USER	Users	END	1672663682161
REQUEST		Form	1672663682161	1672663682165	OK	 
USER	Users	START	1672663682211
REQUEST		Home	1672663682211	1672663682213	OK	 
REQUEST		checkName	1672663682213	1672663682257	KO	regex(event: snapshot(.*)).find.exists, found nothing
REQUEST		Form	1672663682257	1672663682260	OK	 
USER	Users	END	1672663682265
USER	Users	START	1672663682311
REQUEST		Home	1672663682311	1672663682313	OK	 
REQUEST		checkName	1672663682313	1672663682357	KO	regex(event: snapshot(.*)).find.exists, found nothing
REQUEST		Form	1672663682357	1672663682360	OK	 
USER	Users	END	1672663682361
USER	Users	START	1672663682411
REQUEST		Home	1672663682411	1672663682413	OK	 
REQUEST		checkName	1672663682413	1672663682461	KO	regex(event: snapshot(.*)).find.exists, found nothing
USER	Users	END	1672663682461
REQUEST		Form	1672663682461	1672663682465	OK	 
USER	Users	START	1672663682511
REQUEST		Home	1672663682511	1672663682513	OK	 
REQUEST		checkName	1672663682513	1672663682557	KO	regex(event: snapshot(.*)).find.exists, found nothing
REQUEST		Form	1672663682557	1672663682560	OK	 
USER	Users	END	1672663682565
USER	Users	START	1672663682611
REQUEST		Home	1672663682611	1672663682613	OK	 
USER	Users	END	1672663682661
REQUEST		checkName	1672663682613	1672663682661	KO	regex(event: snapshot(.*)).find.exists, found nothing
REQUEST		Form	1672663682661	1672663682664	OK	 
USER	Users	START	1672663682711
REQUEST		Home	1672663682711	1672663682713	OK	 
REQUEST		checkName	1672663682713	1672663682761	KO	regex(event: snapshot(.*)).find.exists, found nothing
USER	Users	END	1672663682761
REQUEST		Form	1672663682761	1672663682764	OK	 
USER	Users	START	1672663682811
REQUEST		Home	1672663682811	1672663682814	OK	 
REQUEST		checkName	1672663682814	1672663682857	KO	regex(event: snapshot(.*)).find.exists, found nothing
REQUEST		Form	1672663682857	1672663682860	OK	 
USER	Users	END	1672663682863
USER	Users	START	1672663682911
REQUEST		Home	1672663682911	1672663682913	OK	 
REQUEST		checkName	1672663682913	1672663682957	KO	regex(event: snapshot(.*)).find.exists, found nothing
REQUEST		Form	1672663682957	1672663682960	OK	 
USER	Users	END	1672663682961
USER	Users	START	1672663683011
REQUEST		Home	1672663683011	1672663683013	OK	 
REQUEST		checkName	1672663683013	1672663683061	KO	regex(event: snapshot(.*)).find.exists, found nothing
USER	Users	END	1672663683061
REQUEST		Form	1672663683061	1672663683065	OK	 
USER	Users	START	1672663683111
REQUEST		Home	1672663683111	1672663683113	OK	 
REQUEST		checkName	1672663683113	1672663683157	KO	regex(event: snapshot(.*)).find.exists, found nothing
REQUEST		Form	1672663683157	1672663683160	OK	 
USER	Users	END	1672663683167
USER	Users	START	1672663683211
REQUEST		Home	1672663683211	1672663683213	OK	 
REQUEST		checkName	1672663683213	1672663683261	KO	regex(event: snapshot(.*)).find.exists, found nothing
USER	Users	END	1672663683261
REQUEST		Form	1672663683261	1672663683264	OK	 
USER	Users	START	1672663683311
REQUEST		Home	1672663683311	1672663683313	OK	 
REQUEST		checkName	1672663683313	1672663683361	KO	regex(event: snapshot(.*)).find.exists, found nothing
USER	Users	END	1672663683361
REQUEST		Form	1672663683361	1672663683364	OK	 
USER	Users	START	1672663683411
REQUEST		Home	1672663683411	1672663683413	OK	 
REQUEST		checkName	1672663683413	1672663683457	KO	regex(event: snapshot(.*)).find.exists, found nothing
REQUEST		Form	1672663683457	1672663683460	OK	 
USER	Users	END	1672663683466
USER	Users	START	1672663683511
REQUEST		Home	1672663683511	1672663683514	OK	 
REQUEST		checkName	1672663683514	1672663683561	KO	regex(event: snapshot(.*)).find.exists, found nothing
USER	Users	END	1672663683561
REQUEST		Form	1672663683561	1672663683564	OK	 
USER	Users	START	1672663683611
REQUEST		Home	1672663683611	1672663683615	OK	 
REQUEST		checkName	1672663683615	1672663683661	KO	regex(event: snapshot(.*)).find.exists, found nothing
USER	Users	END	1672663683665
REQUEST		Form	1672663683661	1672663683691	OK	 
USER	Users	START	1672663683711
REQUEST		Home	1672663683711	1672663683714	OK	 
REQUEST		checkName	1672663683714	1672663683757	KO	regex(event: snapshot(.*)).find.exists, found nothing
REQUEST		Form	1672663683757	1672663683759	OK	 
USER	Users	END	1672663683765
USER	Users	START	1672663683811
REQUEST		Home	1672663683811	1672663683814	OK	 
REQUEST		checkName	1672663683814	1672663683857	KO	regex(event: snapshot(.*)).find.exists, found nothing
REQUEST		Form	1672663683857	1672663683860	OK	 
USER	Users	END	1672663683860
USER	Users	START	1672663683911
REQUEST		Home	1672663683911	1672663683913	OK	 
REQUEST		checkName	1672663683913	1672663683957	KO	regex(event: snapshot(.*)).find.exists, found nothing
USER	Users	END	1672663683961
REQUEST		Form	1672663683957	1672663683960	OK	 
USER	Users	START	1672663684011
REQUEST		Home	1672663684011	1672663684013	OK	 
REQUEST		checkName	1672663684013	1672663684061	KO	regex(event: snapshot(.*)).find.exists, found nothing
REQUEST		Form	1672663684061	1672663684064	OK	 
USER	Users	END	1672663684066
USER	Users	START	1672663684111
REQUEST		Home	1672663684111	1672663684113	OK	 
REQUEST		checkName	1672663684113	1672663684157	KO	regex(event: snapshot(.*)).find.exists, found nothing
REQUEST		Form	1672663684157	1672663684160	OK	 
USER	Users	END	1672663684161
USER	Users	START	1672663684211
REQUEST		Home	1672663684211	1672663684213	OK	 
REQUEST		checkName	1672663684213	1672663684257	KO	regex(event: snapshot(.*)).find.exists, found nothing
REQUEST		Form	1672663684257	1672663684260	OK	 
USER	Users	END	1672663684265
USER	Users	START	1672663684311
REQUEST		Home	1672663684311	1672663684313	OK	 
REQUEST		checkName	1672663684313	1672663684357	KO	regex(event: snapshot(.*)).find.exists, found nothing
REQUEST		Form	1672663684357	1672663684360	OK	 
USER	Users	END	1672663684365
USER	Users	START	1672663684411
REQUEST		Home	1672663684411	1672663684412	OK	 
REQUEST		checkName	1672663684412	1672663684457	KO	regex(event: snapshot(.*)).find.exists, found nothing
REQUEST		Form	1672663684457	1672663684459	OK	 
USER	Users	END	1672663684460
USER	Users	START	1672663684511
REQUEST		Home	1672663684511	1672663684513	OK	 
REQUEST		checkName	1672663684513	1672663684557	KO	regex(event: snapshot(.*)).find.exists, found nothing
REQUEST		Form	1672663684557	1672663684559	OK	 
USER	Users	END	1672663684565
USER	Users	START	1672663684611
REQUEST		Home	1672663684611	1672663684613	OK	 
REQUEST		checkName	1672663684613	1672663684657	KO	regex(event: snapshot(.*)).find.exists, found nothing
REQUEST		Form	1672663684657	1672663684660	OK	 
USER	Users	END	1672663684692
USER	Users	START	1672663684711
REQUEST		Home	1672663684711	1672663684713	OK	 
USER	Users	END	1672663684760
REQUEST		checkName	1672663684713	1672663684761	KO	regex(event: snapshot(.*)).find.exists, found nothing
REQUEST		Form	1672663684761	1672663684764	OK	 
USER	Users	START	1672663684811
REQUEST		Home	1672663684811	1672663684813	OK	 
USER	Users	END	1672663684860
REQUEST		checkName	1672663684813	1672663684861	KO	regex(event: snapshot(.*)).find.exists, found nothing
REQUEST		Form	1672663684861	1672663684863	OK	 
USER	Users	START	1672663684911
REQUEST		Home	1672663684911	1672663684913	OK	 
REQUEST		checkName	1672663684913	1672663684957	KO	regex(event: snapshot(.*)).find.exists, found nothing
REQUEST		Form	1672663684957	1672663684960	OK	 
USER	Users	END	1672663684961
USER	Users	START	1672663685011
REQUEST		Home	1672663685011	1672663685013	OK	 
REQUEST		checkName	1672663685013	1672663685061	KO	regex(event: snapshot(.*)).find.exists, found nothing
REQUEST		Form	1672663685061	1672663685064	OK	 
USER	Users	END	1672663685066
USER	Users	START	1672663685111
REQUEST		Home	1672663685111	1672663685113	OK	 
REQUEST		checkName	1672663685113	1672663685157	KO	regex(event: snapshot(.*)).find.exists, found nothing
REQUEST		Form	1672663685157	1672663685160	OK	 
USER	Users	END	1672663685160
USER	Users	START	1672663685211
REQUEST		Home	1672663685211	1672663685213	OK	 
REQUEST		checkName	1672663685213	1672663685257	KO	regex(event: snapshot(.*)).find.exists, found nothing
REQUEST		Form	1672663685257	1672663685260	OK	 
USER	Users	END	1672663685260
USER	Users	START	1672663685311
REQUEST		Home	1672663685311	1672663685313	OK	 
REQUEST		checkName	1672663685313	1672663685357	KO	regex(event: snapshot(.*)).find.exists, found nothing
REQUEST		Form	1672663685357	1672663685359	OK	 
USER	Users	END	1672663685361
USER	Users	START	1672663685411
REQUEST		Home	1672663685411	1672663685413	OK	 
REQUEST		checkName	1672663685413	1672663685457	KO	regex(event: snapshot(.*)).find.exists, found nothing
REQUEST		Form	1672663685457	1672663685459	OK	 
USER	Users	END	1672663685460
USER	Users	START	1672663685511
REQUEST		Home	1672663685511	1672663685513	OK	 
USER	Users	END	1672663685561
REQUEST		checkName	1672663685513	1672663685561	KO	regex(event: snapshot(.*)).find.exists, found nothing
REQUEST		Form	1672663685561	1672663685564	OK	 
USER	Users	START	1672663685611
REQUEST		Home	1672663685611	1672663685613	OK	 
REQUEST		checkName	1672663685613	1672663685657	KO	regex(event: snapshot(.*)).find.exists, found nothing
REQUEST		Form	1672663685657	1672663685660	OK	 
USER	Users	END	1672663685660
USER	Users	START	1672663685711
REQUEST		Home	1672663685711	1672663685713	OK	 
REQUEST		checkName	1672663685713	1672663685757	KO	regex(event: snapshot(.*)).find.exists, found nothing
REQUEST		Form	1672663685757	1672663685760	OK	 
USER	Users	END	1672663685765
USER	Users	START	1672663685811
REQUEST		Home	1672663685811	1672663685813	OK	 
REQUEST		checkName	1672663685813	1672663685861	KO	regex(event: snapshot(.*)).find.exists, found nothing
USER	Users	END	1672663685865
REQUEST		Form	1672663685861	1672663685864	OK	 
USER	Users	START	1672663685911
REQUEST		Home	1672663685911	1672663685913	OK	 
REQUEST		checkName	1672663685913	1672663685957	KO	regex(event: snapshot(.*)).find.exists, found nothing
REQUEST		Form	1672663685957	1672663685959	OK	 
USER	Users	END	1672663685961
USER	Users	START	1672663686012
REQUEST		Home	1672663686011	1672663686014	OK	 
REQUEST		checkName	1672663686014	1672663686057	KO	regex(event: snapshot(.*)).find.exists, found nothing
REQUEST		Form	1672663686057	1672663686060	OK	 
USER	Users	END	1672663686065
USER	Users	START	1672663686111
REQUEST		Home	1672663686111	1672663686113	OK	 
REQUEST		checkName	1672663686113	1672663686157	KO	regex(event: snapshot(.*)).find.exists, found nothing
REQUEST		Form	1672663686157	1672663686160	OK	 
USER	Users	END	1672663686160
USER	Users	START	1672663686211
REQUEST		Home	1672663686211	1672663686213	OK	 
USER	Users	END	1672663686260
REQUEST		checkName	1672663686213	1672663686261	KO	regex(event: snapshot(.*)).find.exists, found nothing
REQUEST		Form	1672663686261	1672663686263	OK	 
USER	Users	START	1672663686311
REQUEST		Home	1672663686311	1672663686313	OK	 
USER	Users	END	1672663686360
REQUEST		checkName	1672663686313	1672663686360	KO	regex(event: snapshot(.*)).find.exists, found nothing
REQUEST		Form	1672663686361	1672663686364	OK	 
USER	Users	START	1672663686411
REQUEST		Home	1672663686411	1672663686413	OK	 
USER	Users	END	1672663686461
REQUEST		checkName	1672663686413	1672663686461	KO	regex(event: snapshot(.*)).find.exists, found nothing
REQUEST		Form	1672663686461	1672663686464	OK	 
USER	Users	START	1672663686511
REQUEST		Home	1672663686511	1672663686513	OK	 
REQUEST		checkName	1672663686513	1672663686557	KO	regex(event: snapshot(.*)).find.exists, found nothing
REQUEST		Form	1672663686557	1672663686559	OK	 
USER	Users	END	1672663686565
USER	Users	START	1672663686611
REQUEST		Home	1672663686611	1672663686613	OK	 
REQUEST		checkName	1672663686613	1672663686657	KO	regex(event: snapshot(.*)).find.exists, found nothing
REQUEST		Form	1672663686657	1672663686660	OK	 
USER	Users	END	1672663686660
USER	Users	START	1672663686711
REQUEST		Home	1672663686711	1672663686713	OK	 
REQUEST		checkName	1672663686713	1672663686757	KO	regex(event: snapshot(.*)).find.exists, found nothing
REQUEST		Form	1672663686757	1672663686760	OK	 
USER	Users	END	1672663686761
USER	Users	START	1672663686811
REQUEST		Home	1672663686811	1672663686814	OK	 
REQUEST		checkName	1672663686814	1672663686857	KO	regex(event: snapshot(.*)).find.exists, found nothing
REQUEST		Form	1672663686857	1672663686860	OK	 
USER	Users	END	1672663686865
USER	Users	START	1672663686911
REQUEST		Home	1672663686911	1672663686913	OK	 
USER	Users	END	1672663686960
REQUEST		checkName	1672663686913	1672663686960	KO	regex(event: snapshot(.*)).find.exists, found nothing
REQUEST		Form	1672663686961	1672663686964	OK	 
USER	Users	START	1672663687011
REQUEST		Home	1672663687011	1672663687013	OK	 
REQUEST		checkName	1672663687013	1672663687057	KO	regex(event: snapshot(.*)).find.exists, found nothing
REQUEST		Form	1672663687057	1672663687059	OK	 
USER	Users	END	1672663687061
USER	Users	START	1672663687111
REQUEST		Home	1672663687111	1672663687113	OK	 
REQUEST		checkName	1672663687113	1672663687157	KO	regex(event: snapshot(.*)).find.exists, found nothing
REQUEST		Form	1672663687157	1672663687160	OK	 
USER	Users	END	1672663687160
USER	Users	START	1672663687212
REQUEST		Home	1672663687212	1672663687214	OK	 
REQUEST		checkName	1672663687214	1672663687257	KO	regex(event: snapshot(.*)).find.exists, found nothing
REQUEST		Form	1672663687257	1672663687260	OK	 
USER	Users	END	1672663687265
USER	Users	END	1672663687365
USER	Users	END	1672663687465
USER	Users	END	1672663687561
USER	Users	END	1672663687661
USER	Users	END	1672663687761
USER	Users	END	1672663687861
USER	Users	END	1672663687965
USER	Users	END	1672663688061
USER	Users	END	1672663688161
USER	Users	END	1672663688261
