RUN	sse_https.ComputerDatabaseSimulation	computerdatabasesimulation	1672730941674	 	3.9.0
USER	Users	START	1672730942408
REQUEST		/event	1672730942408	1672730942479	OK	 
REQUEST		sse_check	1672730942479	1672730942485	OK	 
USER	Users	END	1672730942492
USER	Users	START	1672730942883
REQUEST		/event	1672730942883	1672730942953	OK	 
REQUEST		sse_check	1672730942953	1672730942954	OK	 
USER	Users	END	1672730942955
USER	Users	START	1672730943385
REQUEST		/event	1672730943385	1672730943455	OK	 
REQUEST		sse_check	1672730943455	1672730943456	OK	 
USER	Users	END	1672730943456
USER	Users	START	1672730944386
REQUEST		/event	1672730944386	1672730944454	OK	 
REQUEST		sse_check	1672730944454	1672730944455	OK	 
USER	Users	END	1672730944455
USER	Users	START	1672730945374
REQUEST		/event	1672730945374	1672730945442	OK	 
REQUEST		sse_check	1672730945442	1672730945442	OK	 
USER	Users	END	1672730945443
USER	Users	START	1672730946373
REQUEST		/event	1672730946373	1672730946442	OK	 
REQUEST		sse_check	1672730946442	1672730946443	OK	 
USER	Users	END	1672730946443
USER	Users	START	1672730947374
REQUEST		/event	1672730947374	1672730947442	OK	 
REQUEST		sse_check	1672730947442	1672730947443	OK	 
USER	Users	END	1672730947443
USER	Users	START	1672730948373
REQUEST		/event	1672730948373	1672730948460	OK	 
REQUEST		sse_check	1672730948460	1672730948461	OK	 
USER	Users	END	1672730948461
USER	Users	START	1672730949373
REQUEST		/event	1672730949373	1672730949440	OK	 
REQUEST		sse_check	1672730949440	1672730949441	OK	 
USER	Users	END	1672730949442
USER	Users	START	1672730950374
REQUEST		/event	1672730950374	1672730950451	OK	 
REQUEST		sse_check	1672730950451	1672730950452	OK	 
USER	Users	END	1672730950452
USER	Users	START	1672730951374
REQUEST		/event	1672730951374	1672730951448	OK	 
REQUEST		sse_check	1672730951448	1672730951448	OK	 
USER	Users	END	1672730951449
USER	Users	START	1672730951873
REQUEST		/event	1672730951873	1672730951940	OK	 
REQUEST		sse_check	1672730951940	1672730951941	OK	 
USER	Users	END	1672730951941
USER	Users	START	1672730952374
REQUEST		/event	1672730952374	1672730952441	OK	 
REQUEST		sse_check	1672730952441	1672730952441	OK	 
USER	Users	END	1672730952442
USER	Users	START	1672730953374
REQUEST		/event	1672730953374	1672730953441	OK	 
REQUEST		sse_check	1672730953441	1672730953442	OK	 
USER	Users	END	1672730953442
USER	Users	START	1672730954373
REQUEST		/event	1672730954373	1672730954442	OK	 
REQUEST		sse_check	1672730954442	1672730954442	OK	 
USER	Users	END	1672730954443
USER	Users	START	1672730955374
REQUEST		/event	1672730955374	1672730955441	OK	 
REQUEST		sse_check	1672730955441	1672730955441	OK	 
USER	Users	END	1672730955442
USER	Users	START	1672730956374
REQUEST		/event	1672730956374	1672730956441	OK	 
REQUEST		sse_check	1672730956441	1672730956441	OK	 
USER	Users	END	1672730956442
USER	Users	START	1672730957374
REQUEST		/event	1672730957374	1672730957442	OK	 
REQUEST		sse_check	1672730957442	1672730957443	OK	 
USER	Users	END	1672730957443
USER	Users	START	1672730958374
REQUEST		/event	1672730958374	1672730958441	OK	 
REQUEST		sse_check	1672730958441	1672730958442	OK	 
USER	Users	END	1672730958442
USER	Users	START	1672730959374
REQUEST		/event	1672730959374	1672730959444	OK	 
REQUEST		sse_check	1672730959444	1672730959444	OK	 
USER	Users	END	1672730959444
USER	Users	START	1672730960374
REQUEST		/event	1672730960373	1672730960441	OK	 
REQUEST		sse_check	1672730960441	1672730960441	OK	 
USER	Users	END	1672730960442
USER	Users	START	1672730960873
REQUEST		/event	1672730960873	1672730960941	OK	 
REQUEST		sse_check	1672730960941	1672730960942	OK	 
USER	Users	END	1672730960942
USER	Users	START	1672730961374
REQUEST		/event	1672730961374	1672730961441	OK	 
REQUEST		sse_check	1672730961441	1672730961442	OK	 
USER	Users	END	1672730961442
USER	Users	START	1672730962372
REQUEST		/event	1672730962372	1672730962444	OK	 
REQUEST		sse_check	1672730962444	1672730962445	OK	 
USER	Users	END	1672730962446
USER	Users	START	1672730963373
REQUEST		/event	1672730963373	1672730963439	OK	 
REQUEST		sse_check	1672730963439	1672730963439	OK	 
USER	Users	END	1672730963440
USER	Users	START	1672730964372
REQUEST		/event	1672730964372	1672730964441	OK	 
REQUEST		sse_check	1672730964441	1672730964441	OK	 
USER	Users	END	1672730964442
USER	Users	START	1672730965373
REQUEST		/event	1672730965373	1672730965439	OK	 
REQUEST		sse_check	1672730965439	1672730965440	OK	 
USER	Users	END	1672730965440
USER	Users	START	1672730966373
REQUEST		/event	1672730966373	1672730966439	OK	 
REQUEST		sse_check	1672730966439	1672730966439	OK	 
USER	Users	END	1672730966440
USER	Users	START	1672730967373
REQUEST		/event	1672730967373	1672730967440	OK	 
REQUEST		sse_check	1672730967440	1672730967441	OK	 
USER	Users	END	1672730967441
USER	Users	START	1672730968373
REQUEST		/event	1672730968373	1672730968440	OK	 
REQUEST		sse_check	1672730968440	1672730968440	OK	 
USER	Users	END	1672730968441
USER	Users	START	1672730969373
REQUEST		/event	1672730969373	1672730969439	OK	 
REQUEST		sse_check	1672730969439	1672730969439	OK	 
USER	Users	END	1672730969440
USER	Users	START	1672730969872
REQUEST		/event	1672730969872	1672730969939	OK	 
REQUEST		sse_check	1672730969939	1672730969939	OK	 
USER	Users	END	1672730969940
USER	Users	START	1672730970373
REQUEST		/event	1672730970373	1672730970438	OK	 
REQUEST		sse_check	1672730970438	1672730970438	OK	 
USER	Users	END	1672730970439
USER	Users	START	1672730971373
REQUEST		/event	1672730971373	1672730971439	OK	 
REQUEST		sse_check	1672730971439	1672730971440	OK	 
USER	Users	END	1672730971440
USER	Users	START	1672730972376
REQUEST		/event	1672730972376	1672730972441	OK	 
REQUEST		sse_check	1672730972441	1672730972441	OK	 
USER	Users	END	1672730972442
USER	Users	START	1672730973372
REQUEST		/event	1672730973372	1672730973437	OK	 
REQUEST		sse_check	1672730973437	1672730973437	OK	 
USER	Users	END	1672730973438
USER	Users	START	1672730974373
REQUEST		/event	1672730974373	1672730974439	OK	 
REQUEST		sse_check	1672730974439	1672730974439	OK	 
USER	Users	END	1672730974440
USER	Users	START	1672730975373
REQUEST		/event	1672730975373	1672730975439	OK	 
REQUEST		sse_check	1672730975439	1672730975439	OK	 
USER	Users	END	1672730975439
USER	Users	START	1672730976373
REQUEST		/event	1672730976373	1672730976441	OK	 
REQUEST		sse_check	1672730976441	1672730976441	OK	 
USER	Users	END	1672730976442
USER	Users	START	1672730977374
REQUEST		/event	1672730977374	1672730977440	OK	 
REQUEST		sse_check	1672730977440	1672730977440	OK	 
USER	Users	END	1672730977441
USER	Users	START	1672730978373
REQUEST		/event	1672730978373	1672730978440	OK	 
REQUEST		sse_check	1672730978440	1672730978441	OK	 
USER	Users	END	1672730978442
USER	Users	START	1672730978872
REQUEST		/event	1672730978872	1672730978943	OK	 
REQUEST		sse_check	1672730978943	1672730978944	OK	 
USER	Users	END	1672730978944
USER	Users	START	1672730979373
REQUEST		/event	1672730979373	1672730979440	OK	 
REQUEST		sse_check	1672730979440	1672730979441	OK	 
USER	Users	END	1672730979441
USER	Users	START	1672730980373
REQUEST		/event	1672730980373	1672730980439	OK	 
REQUEST		sse_check	1672730980439	1672730980439	OK	 
USER	Users	END	1672730980440
USER	Users	START	1672730981373
REQUEST		/event	1672730981373	1672730981438	OK	 
REQUEST		sse_check	1672730981438	1672730981438	OK	 
USER	Users	END	1672730981439
USER	Users	START	1672730982372
REQUEST		/event	1672730982372	1672730982446	OK	 
REQUEST		sse_check	1672730982446	1672730982446	OK	 
USER	Users	END	1672730982447
USER	Users	START	1672730983373
REQUEST		/event	1672730983373	1672730983443	OK	 
REQUEST		sse_check	1672730983443	1672730983443	OK	 
USER	Users	END	1672730983444
USER	Users	START	1672730984372
REQUEST		/event	1672730984372	1672730984438	OK	 
REQUEST		sse_check	1672730984438	1672730984438	OK	 
USER	Users	END	1672730984439
USER	Users	START	1672730985373
REQUEST		/event	1672730985373	1672730985441	OK	 
REQUEST		sse_check	1672730985441	1672730985442	OK	 
USER	Users	END	1672730985442
USER	Users	START	1672730986372
REQUEST		/event	1672730986372	1672730986437	OK	 
REQUEST		sse_check	1672730986437	1672730986438	OK	 
USER	Users	END	1672730986438
USER	Users	START	1672730987373
REQUEST		/event	1672730987373	1672730987438	OK	 
REQUEST		sse_check	1672730987438	1672730987438	OK	 
USER	Users	END	1672730987439
USER	Users	START	1672730987872
REQUEST		/event	1672730987872	1672730987940	OK	 
REQUEST		sse_check	1672730987940	1672730987940	OK	 
USER	Users	END	1672730987940
USER	Users	START	1672730988373
REQUEST		/event	1672730988373	1672730988439	OK	 
REQUEST		sse_check	1672730988439	1672730988439	OK	 
USER	Users	END	1672730988440
USER	Users	START	1672730989373
REQUEST		/event	1672730989373	1672730989438	OK	 
REQUEST		sse_check	1672730989438	1672730989439	OK	 
USER	Users	END	1672730989439
USER	Users	START	1672730990373
REQUEST		/event	1672730990373	1672730990438	OK	 
REQUEST		sse_check	1672730990438	1672730990439	OK	 
USER	Users	END	1672730990439
USER	Users	START	1672730991373
REQUEST		/event	1672730991373	1672730991438	OK	 
REQUEST		sse_check	1672730991438	1672730991438	OK	 
USER	Users	END	1672730991438
USER	Users	START	1672730992372
REQUEST		/event	1672730992372	1672730992438	OK	 
REQUEST		sse_check	1672730992438	1672730992439	OK	 
USER	Users	END	1672730992439
USER	Users	START	1672730993373
REQUEST		/event	1672730993373	1672730993438	OK	 
REQUEST		sse_check	1672730993438	1672730993438	OK	 
USER	Users	END	1672730993439
USER	Users	START	1672730994373
REQUEST		/event	1672730994373	1672730994438	OK	 
REQUEST		sse_check	1672730994438	1672730994438	OK	 
USER	Users	END	1672730994438
USER	Users	START	1672730995373
REQUEST		/event	1672730995373	1672730995438	OK	 
REQUEST		sse_check	1672730995438	1672730995438	OK	 
USER	Users	END	1672730995438
USER	Users	START	1672730996373
REQUEST		/event	1672730996373	1672730996438	OK	 
REQUEST		sse_check	1672730996438	1672730996438	OK	 
USER	Users	END	1672730996439
USER	Users	START	1672730996873
REQUEST		/event	1672730996873	1672730996939	OK	 
REQUEST		sse_check	1672730996939	1672730996940	OK	 
USER	Users	END	1672730996940
USER	Users	START	1672730997373
REQUEST		/event	1672730997373	1672730997441	OK	 
REQUEST		sse_check	1672730997441	1672730997442	OK	 
USER	Users	END	1672730997442
USER	Users	START	1672730998373
REQUEST		/event	1672730998373	1672730998439	OK	 
REQUEST		sse_check	1672730998439	1672730998439	OK	 
USER	Users	END	1672730998439
USER	Users	START	1672730999373
REQUEST		/event	1672730999373	1672730999440	OK	 
REQUEST		sse_check	1672730999440	1672730999440	OK	 
USER	Users	END	1672730999440
USER	Users	START	1672731000372
REQUEST		/event	1672731000372	1672731000438	OK	 
REQUEST		sse_check	1672731000438	1672731000439	OK	 
USER	Users	END	1672731000439
USER	Users	START	1672731001373
REQUEST		/event	1672731001373	1672731001440	OK	 
REQUEST		sse_check	1672731001440	1672731001441	OK	 
USER	Users	END	1672731001441
USER	Users	START	1672731002373
REQUEST		/event	1672731002373	1672731002438	OK	 
REQUEST		sse_check	1672731002438	1672731002438	OK	 
USER	Users	END	1672731002439
USER	Users	START	1672731003377
REQUEST		/event	1672731003377	1672731003442	OK	 
REQUEST		sse_check	1672731003442	1672731003442	OK	 
USER	Users	END	1672731003442
USER	Users	START	1672731004373
REQUEST		/event	1672731004373	1672731004439	OK	 
REQUEST		sse_check	1672731004439	1672731004439	OK	 
USER	Users	END	1672731004440
USER	Users	START	1672731005373
REQUEST		/event	1672731005373	1672731005439	OK	 
REQUEST		sse_check	1672731005439	1672731005439	OK	 
USER	Users	END	1672731005439
USER	Users	START	1672731005872
REQUEST		/event	1672731005872	1672731005937	OK	 
REQUEST		sse_check	1672731005937	1672731005938	OK	 
USER	Users	END	1672731005938
USER	Users	START	1672731006373
REQUEST		/event	1672731006373	1672731006439	OK	 
REQUEST		sse_check	1672731006439	1672731006440	OK	 
USER	Users	END	1672731006440
USER	Users	START	1672731007372
REQUEST		/event	1672731007372	1672731007437	OK	 
REQUEST		sse_check	1672731007437	1672731007438	OK	 
USER	Users	END	1672731007438
USER	Users	START	1672731008373
REQUEST		/event	1672731008373	1672731008442	OK	 
REQUEST		sse_check	1672731008442	1672731008442	OK	 
USER	Users	END	1672731008443
USER	Users	START	1672731009373
REQUEST		/event	1672731009373	1672731009441	OK	 
REQUEST		sse_check	1672731009441	1672731009441	OK	 
USER	Users	END	1672731009441
USER	Users	START	1672731010373
REQUEST		/event	1672731010373	1672731010438	OK	 
REQUEST		sse_check	1672731010438	1672731010439	OK	 
USER	Users	END	1672731010439
USER	Users	START	1672731011373
REQUEST		/event	1672731011373	1672731011439	OK	 
REQUEST		sse_check	1672731011439	1672731011440	OK	 
USER	Users	END	1672731011440
USER	Users	START	1672731012373
REQUEST		/event	1672731012373	1672731012445	OK	 
REQUEST		sse_check	1672731012445	1672731012446	OK	 
USER	Users	END	1672731012446
USER	Users	START	1672731013373
REQUEST		/event	1672731013373	1672731013441	OK	 
REQUEST		sse_check	1672731013441	1672731013441	OK	 
USER	Users	END	1672731013441
USER	Users	START	1672731014373
REQUEST		/event	1672731014373	1672731014437	OK	 
REQUEST		sse_check	1672731014437	1672731014438	OK	 
USER	Users	END	1672731014438
USER	Users	START	1672731014872
REQUEST		/event	1672731014872	1672731014941	OK	 
REQUEST		sse_check	1672731014941	1672731014942	OK	 
USER	Users	END	1672731014942
USER	Users	START	1672731015373
REQUEST		/event	1672731015373	1672731015441	OK	 
REQUEST		sse_check	1672731015441	1672731015441	OK	 
USER	Users	END	1672731015442
USER	Users	START	1672731016372
REQUEST		/event	1672731016372	1672731016438	OK	 
REQUEST		sse_check	1672731016438	1672731016439	OK	 
USER	Users	END	1672731016439
USER	Users	START	1672731017373
REQUEST		/event	1672731017373	1672731017440	OK	 
REQUEST		sse_check	1672731017440	1672731017440	OK	 
USER	Users	END	1672731017440
USER	Users	START	1672731018373
REQUEST		/event	1672731018373	1672731018439	OK	 
REQUEST		sse_check	1672731018439	1672731018439	OK	 
USER	Users	END	1672731018439
USER	Users	START	1672731019372
REQUEST		/event	1672731019372	1672731019438	OK	 
REQUEST		sse_check	1672731019438	1672731019438	OK	 
USER	Users	END	1672731019438
USER	Users	START	1672731020373
REQUEST		/event	1672731020373	1672731020439	OK	 
REQUEST		sse_check	1672731020439	1672731020439	OK	 
USER	Users	END	1672731020439
USER	Users	START	1672731021373
REQUEST		/event	1672731021373	1672731021438	OK	 
REQUEST		sse_check	1672731021438	1672731021439	OK	 
USER	Users	END	1672731021439
USER	Users	START	1672731022373
REQUEST		/event	1672731022373	1672731022439	OK	 
REQUEST		sse_check	1672731022439	1672731022440	OK	 
USER	Users	END	1672731022440
USER	Users	START	1672731023373
REQUEST		/event	1672731023373	1672731023438	OK	 
REQUEST		sse_check	1672731023438	1672731023438	OK	 
USER	Users	END	1672731023439
USER	Users	START	1672731023873
REQUEST		/event	1672731023873	1672731023940	OK	 
REQUEST		sse_check	1672731023940	1672731023940	OK	 
USER	Users	END	1672731023941
USER	Users	START	1672731024373
REQUEST		/event	1672731024373	1672731024439	OK	 
REQUEST		sse_check	1672731024439	1672731024439	OK	 
USER	Users	END	1672731024439
USER	Users	START	1672731025373
REQUEST		/event	1672731025373	1672731025437	OK	 
REQUEST		sse_check	1672731025437	1672731025438	OK	 
USER	Users	END	1672731025438
USER	Users	START	1672731026372
REQUEST		/event	1672731026372	1672731026441	OK	 
REQUEST		sse_check	1672731026441	1672731026441	OK	 
USER	Users	END	1672731026441
USER	Users	START	1672731027372
REQUEST		/event	1672731027372	1672731027439	OK	 
REQUEST		sse_check	1672731027439	1672731027439	OK	 
USER	Users	END	1672731027439
USER	Users	START	1672731028372
REQUEST		/event	1672731028372	1672731028438	OK	 
REQUEST		sse_check	1672731028438	1672731028438	OK	 
USER	Users	END	1672731028439
USER	Users	START	1672731029372
REQUEST		/event	1672731029372	1672731029437	OK	 
REQUEST		sse_check	1672731029437	1672731029437	OK	 
USER	Users	END	1672731029438
USER	Users	START	1672731030373
REQUEST		/event	1672731030373	1672731030442	OK	 
REQUEST		sse_check	1672731030442	1672731030442	OK	 
USER	Users	END	1672731030443
USER	Users	START	1672731031372
REQUEST		/event	1672731031372	1672731031438	OK	 
REQUEST		sse_check	1672731031438	1672731031438	OK	 
USER	Users	END	1672731031438
