RUN	computerdatabase.ComputerDatabaseSimulation	computerdatabasesimulation	1672659345783	 	3.9.0
USER	Users	START	1672659347058
USER	Admins	START	1672659347058
USER	Users	START	1672659348036
REQUEST		Home	1672659347054	1672659348136	OK	 
REQUEST		Home	1672659347054	1672659348229	OK	 
REQUEST		Home Redirect 1	1672659348140	1672659348418	OK	 
REQUEST		Home Redirect 1	1672659348229	1672659348527	OK	 
USER	Users	START	1672659349037
REQUEST		Home	1672659348035	1672659349164	OK	 
REQUEST		Home Redirect 1	1672659349165	1672659349448	OK	 
REQUEST		Search	1672659349428	1672659349699	OK	 
REQUEST		Search	1672659349528	1672659349823	OK	 
USER	Users	START	1672659350032
REQUEST		Home	1672659349036	1672659350173	OK	 
REQUEST		Home Redirect 1	1672659350174	1672659350461	OK	 
REQUEST		Search	1672659350449	1672659350731	OK	 
REQUEST		Select	1672659350746	1672659351015	OK	 
USER	Users	START	1672659351032
REQUEST		Select	1672659350827	1672659351121	OK	 
REQUEST		Home	1672659350032	1672659351173	OK	 
REQUEST		Home Redirect 1	1672659351173	1672659351461	OK	 
REQUEST		Search	1672659351462	1672659351750	OK	 
REQUEST		Select	1672659351734	1672659352015	OK	 
USER	Admins	START	1672659352032
USER	Users	START	1672659352033
REQUEST		Home	1672659351032	1672659352127	OK	 
REQUEST		Page 0	1672659352020	1672659352290	OK	 
REQUEST		Home Redirect 1	1672659352128	1672659352402	OK	 
REQUEST		Page 0	1672659352122	1672659352418	OK	 
REQUEST		Search	1672659352463	1672659352750	OK	 
USER	Users	START	1672659353032
REQUEST		Select	1672659352752	1672659353038	OK	 
REQUEST		Home	1672659352032	1672659353188	OK	 
REQUEST		Home	1672659352032	1672659353216	OK	 
REQUEST		Page 0	1672659353017	1672659353301	OK	 
REQUEST		Home Redirect 1	1672659353188	1672659353482	OK	 
REQUEST		Home Redirect 1	1672659353216	1672659353514	OK	 
REQUEST		Page 1	1672659353292	1672659353562	OK	 
REQUEST		Search	1672659353404	1672659353680	OK	 
REQUEST		Page 1	1672659353419	1672659353720	OK	 
USER	Users	START	1672659354033
REQUEST		Select	1672659353752	1672659354039	OK	 
REQUEST		Home	1672659353031	1672659354179	OK	 
REQUEST		Page 0	1672659354039	1672659354325	OK	 
REQUEST		Home Redirect 1	1672659354179	1672659354469	OK	 
REQUEST		Page 1	1672659354302	1672659354584	OK	 
REQUEST		Search	1672659354483	1672659354774	OK	 
REQUEST		Search	1672659354516	1672659354812	OK	 
REQUEST		Page 2	1672659354563	1672659354833	OK	 
REQUEST		Select	1672659354683	1672659354956	OK	 
REQUEST		Page 2	1672659354721	1672659355015	OK	 
USER	Users	START	1672659355032
REQUEST		Home	1672659354032	1672659355195	OK	 
REQUEST		Page 0	1672659355040	1672659355326	OK	 
REQUEST		Home Redirect 1	1672659355195	1672659355492	OK	 
REQUEST		Page 1	1672659355326	1672659355612	OK	 
REQUEST		Search	1672659355471	1672659355761	OK	 
REQUEST		Page 2	1672659355585	1672659355869	OK	 
USER	Users	START	1672659356032
REQUEST		Select	1672659355776	1672659356067	OK	 
REQUEST		Page 3	1672659355835	1672659356105	OK	 
REQUEST		Select	1672659355814	1672659356109	OK	 
REQUEST		Home	1672659355031	1672659356113	OK	 
REQUEST		Page 0	1672659355957	1672659356231	OK	 
REQUEST		Page 3	1672659356017	1672659356312	OK	 
REQUEST		Home Redirect 1	1672659356113	1672659356386	OK	 
REQUEST		Page 1	1672659356327	1672659356616	OK	 
REQUEST		Search	1672659356493	1672659356787	OK	 
REQUEST		Page 2	1672659356613	1672659356898	OK	 
REQUEST		Home	1672659356032	1672659357043	OK	 
REQUEST		Select	1672659356763	1672659357053	OK	 
REQUEST		Page 3	1672659356870	1672659357152	OK	 
REQUEST		Home Redirect 1	1672659357043	1672659357298	OK	 
USER	Users	END	1672659357314
REQUEST		Page 0	1672659357068	1672659357359	OK	 
REQUEST		Form	1672659357105	1672659357375	OK	 
REQUEST		Page 0	1672659357110	1672659357405	OK	 
REQUEST		Page 1	1672659357232	1672659357506	OK	 
REQUEST		Search	1672659357387	1672659357659	OK	 
REQUEST		Page 2	1672659357617	1672659357904	OK	 
REQUEST		Select	1672659357789	1672659358081	OK	 
USER	Users	END	1672659358153
REQUEST		Page 3	1672659357900	1672659358186	OK	 
REQUEST		Page 0	1672659358053	1672659358342	OK	 
REQUEST		Search	1672659358299	1672659358552	OK	 
REQUEST		Post	1672659358378	1672659358647	OK	 
REQUEST		Page 1	1672659358360	1672659358651	OK	 
REQUEST		Page 1	1672659358406	1672659358703	OK	 
REQUEST		Page 2	1672659358507	1672659358781	OK	 
REQUEST		Post Redirect 1	1672659358652	1672659358921	KO	status.find.is(201), but actually found 200
REQUEST		Select	1672659358660	1672659358932	OK	 
USER	Users	END	1672659359187
REQUEST		Page 3	1672659358905	1672659359192	OK	 
REQUEST		Form	1672659358924	1672659359193	OK	 
REQUEST		Page 0	1672659359082	1672659359374	OK	 
REQUEST		Page 1	1672659359343	1672659359631	OK	 
REQUEST		Select	1672659359554	1672659359808	OK	 
REQUEST		Page 2	1672659359652	1672659359946	OK	 
REQUEST		Page 2	1672659359704	1672659360001	OK	 
REQUEST		Page 3	1672659359783	1672659360057	OK	 
USER	Users	END	1672659360193
REQUEST		Page 0	1672659359932	1672659360204	OK	 
REQUEST		Post	1672659360194	1672659360462	OK	 
REQUEST		Page 1	1672659360375	1672659360667	OK	 
REQUEST		Post Redirect 1	1672659360462	1672659360732	KO	status.find.is(201), but actually found 200
USER	Admins	END	1672659360734
REQUEST		Page 2	1672659360633	1672659360923	OK	 
USER	Users	END	1672659361058
REQUEST		Page 0	1672659360810	1672659361063	OK	 
REQUEST		Page 3	1672659360948	1672659361239	OK	 
REQUEST		Page 3	1672659361003	1672659361299	OK	 
REQUEST		Page 1	1672659361205	1672659361477	OK	 
REQUEST		Page 2	1672659361668	1672659361959	OK	 
REQUEST		Page 3	1672659361925	1672659362223	OK	 
USER	Users	END	1672659362240
REQUEST		Page 1	1672659362064	1672659362318	OK	 
REQUEST		Form	1672659362300	1672659362596	OK	 
REQUEST		Page 2	1672659362478	1672659362750	OK	 
USER	Users	END	1672659363224
REQUEST		Page 3	1672659362961	1672659363254	OK	 
REQUEST		Page 2	1672659363319	1672659363574	OK	 
REQUEST		Post	1672659363597	1672659363894	OK	 
REQUEST		Page 3	1672659363752	1672659364024	OK	 
REQUEST		Post Redirect 1	1672659363895	1672659364191	KO	status.find.is(201), but actually found 200
USER	Users	END	1672659364255
REQUEST		Form	1672659364192	1672659364487	OK	 
REQUEST		Page 3	1672659364575	1672659364830	OK	 
USER	Users	END	1672659365026
REQUEST		Post	1672659365489	1672659365784	OK	 
USER	Users	END	1672659365832
REQUEST		Post Redirect 1	1672659365785	1672659366091	OK	 
USER	Admins	END	1672659366092
