RUN	sse_https.ComputerDatabaseSimulation	computerdatabasesimulation	1672730660616	 	3.9.0
USER	Users	START	1672730661293
REQUEST		/event	1672730661293	1672730661367	OK	 
USER	Users	START	1672730661772
REQUEST		/event	1672730661772	1672730661892	OK	 
USER	Users	START	1672730662274
REQUEST		/event	1672730662273	1672730662342	OK	 
USER	Users	START	1672730663274
REQUEST		/event	1672730663274	1672730663366	OK	 
USER	Users	START	1672730664268
REQUEST		/event	1672730664268	1672730664336	OK	 
USER	Users	START	1672730665268
REQUEST		/event	1672730665268	1672730665335	OK	 
USER	Users	START	1672730666268
REQUEST		/event	1672730666268	1672730666341	OK	 
REQUEST		sse_check	1672730661367	1672730666368	KO	Check sse_check timeout
USER	Users	END	1672730666370
REQUEST		sse_check	1672730661892	1672730666893	KO	Check sse_check timeout
USER	Users	END	1672730666893
USER	Users	START	1672730667268
REQUEST		/event	1672730667268	1672730667335	OK	 
REQUEST		sse_check	1672730662342	1672730667343	KO	Check sse_check timeout
USER	Users	END	1672730667343
USER	Users	START	1672730668268
REQUEST		/event	1672730668268	1672730668335	OK	 
REQUEST		sse_check	1672730663366	1672730668366	KO	Check sse_check timeout
USER	Users	END	1672730668366
USER	Users	START	1672730669268
REQUEST		sse_check	1672730664336	1672730669337	KO	Check sse_check timeout
USER	Users	END	1672730669337
REQUEST		/event	1672730669268	1672730669337	OK	 
USER	Users	START	1672730670268
REQUEST		/event	1672730670268	1672730670335	OK	 
REQUEST		sse_check	1672730665335	1672730670335	KO	Check sse_check timeout
USER	Users	END	1672730670335
USER	Users	START	1672730670768
REQUEST		/event	1672730670768	1672730670835	OK	 
USER	Users	START	1672730671269
REQUEST		/event	1672730671269	1672730671336	OK	 
REQUEST		sse_check	1672730666341	1672730671342	KO	Check sse_check timeout
USER	Users	END	1672730671342
USER	Users	START	1672730672269
REQUEST		sse_check	1672730667335	1672730672335	KO	Check sse_check timeout
USER	Users	END	1672730672335
REQUEST		/event	1672730672269	1672730672338	OK	 
USER	Users	START	1672730673268
REQUEST		sse_check	1672730668335	1672730673335	KO	Check sse_check timeout
USER	Users	END	1672730673336
REQUEST		/event	1672730673268	1672730673346	OK	 
USER	Users	START	1672730674268
REQUEST		/event	1672730674268	1672730674336	OK	 
REQUEST		sse_check	1672730669337	1672730674337	KO	Check sse_check timeout
USER	Users	END	1672730674337
USER	Users	START	1672730675269
REQUEST		sse_check	1672730670335	1672730675335	KO	Check sse_check timeout
USER	Users	END	1672730675336
REQUEST		/event	1672730675269	1672730675337	OK	 
REQUEST		sse_check	1672730670835	1672730675835	KO	Check sse_check timeout
USER	Users	END	1672730675835
USER	Users	START	1672730676269
REQUEST		sse_check	1672730671336	1672730676336	KO	Check sse_check timeout
REQUEST		/event	1672730676269	1672730676336	OK	 
USER	Users	END	1672730676336
USER	Users	START	1672730677268
REQUEST		/event	1672730677268	1672730677335	OK	 
REQUEST		sse_check	1672730672338	1672730677338	KO	Check sse_check timeout
USER	Users	END	1672730677339
USER	Users	START	1672730678268
REQUEST		/event	1672730678268	1672730678335	OK	 
REQUEST		sse_check	1672730673346	1672730678346	KO	Check sse_check timeout
USER	Users	END	1672730678346
USER	Users	START	1672730679268
REQUEST		sse_check	1672730674336	1672730679336	KO	Check sse_check timeout
USER	Users	END	1672730679336
REQUEST		/event	1672730679268	1672730679337	OK	 
USER	Users	START	1672730679768
REQUEST		/event	1672730679767	1672730679835	OK	 
USER	Users	START	1672730680268
REQUEST		/event	1672730680268	1672730680334	OK	 
REQUEST		sse_check	1672730675337	1672730680337	KO	Check sse_check timeout
USER	Users	END	1672730680337
USER	Users	START	1672730681268
REQUEST		sse_check	1672730676336	1672730681336	KO	Check sse_check timeout
USER	Users	END	1672730681337
REQUEST		/event	1672730681267	1672730681339	OK	 
USER	Users	START	1672730682268
REQUEST		/event	1672730682268	1672730682333	OK	 
REQUEST		sse_check	1672730677335	1672730682335	KO	Check sse_check timeout
USER	Users	END	1672730682336
USER	Users	START	1672730683267
REQUEST		/event	1672730683267	1672730683333	OK	 
REQUEST		sse_check	1672730678335	1672730683336	KO	Check sse_check timeout
USER	Users	END	1672730683336
USER	Users	START	1672730684268
REQUEST		/event	1672730684268	1672730684333	OK	 
REQUEST		sse_check	1672730679337	1672730684337	KO	Check sse_check timeout
USER	Users	END	1672730684337
REQUEST		sse_check	1672730679835	1672730684835	KO	Check sse_check timeout
USER	Users	END	1672730684836
USER	Users	START	1672730685268
REQUEST		/event	1672730685268	1672730685334	OK	 
REQUEST		sse_check	1672730680334	1672730685335	KO	Check sse_check timeout
USER	Users	END	1672730685335
USER	Users	START	1672730686268
REQUEST		/event	1672730686268	1672730686334	OK	 
REQUEST		sse_check	1672730681339	1672730686340	KO	Check sse_check timeout
USER	Users	END	1672730686340
USER	Users	START	1672730687268
REQUEST		/event	1672730687268	1672730687333	OK	 
REQUEST		sse_check	1672730682333	1672730687333	KO	Check sse_check timeout
USER	Users	END	1672730687334
USER	Users	START	1672730688268
REQUEST		sse_check	1672730683333	1672730688333	KO	Check sse_check timeout
USER	Users	END	1672730688333
REQUEST		/event	1672730688268	1672730688334	OK	 
USER	Users	START	1672730688767
REQUEST		/event	1672730688767	1672730688837	OK	 
USER	Users	START	1672730689267
REQUEST		sse_check	1672730684333	1672730689333	KO	Check sse_check timeout
USER	Users	END	1672730689333
REQUEST		/event	1672730689267	1672730689335	OK	 
USER	Users	START	1672730690267
REQUEST		sse_check	1672730685334	1672730690334	KO	Check sse_check timeout
USER	Users	END	1672730690335
REQUEST		/event	1672730690267	1672730690335	OK	 
USER	Users	START	1672730691271
REQUEST		sse_check	1672730686334	1672730691334	KO	Check sse_check timeout
USER	Users	END	1672730691334
REQUEST		/event	1672730691271	1672730691337	OK	 
USER	Users	START	1672730692267
REQUEST		sse_check	1672730687333	1672730692333	KO	Check sse_check timeout
USER	Users	END	1672730692333
REQUEST		/event	1672730692267	1672730692334	OK	 
USER	Users	START	1672730693268
REQUEST		/event	1672730693268	1672730693333	OK	 
REQUEST		sse_check	1672730688334	1672730693334	KO	Check sse_check timeout
USER	Users	END	1672730693334
REQUEST		sse_check	1672730688837	1672730693838	KO	Check sse_check timeout
USER	Users	END	1672730693838
USER	Users	START	1672730694268
REQUEST		/event	1672730694268	1672730694333	OK	 
REQUEST		sse_check	1672730689335	1672730694335	KO	Check sse_check timeout
USER	Users	END	1672730694335
USER	Users	START	1672730695268
REQUEST		sse_check	1672730690335	1672730695336	KO	Check sse_check timeout
USER	Users	END	1672730695336
REQUEST		/event	1672730695268	1672730695387	OK	 
USER	Users	START	1672730696267
REQUEST		/event	1672730696267	1672730696334	OK	 
REQUEST		sse_check	1672730691337	1672730696337	KO	Check sse_check timeout
USER	Users	END	1672730696337
USER	Users	START	1672730697268
REQUEST		sse_check	1672730692334	1672730697335	KO	Check sse_check timeout
REQUEST		/event	1672730697268	1672730697335	OK	 
USER	Users	END	1672730697335
USER	Users	START	1672730697767
REQUEST		/event	1672730697767	1672730697832	OK	 
USER	Users	START	1672730698268
REQUEST		sse_check	1672730693333	1672730698333	KO	Check sse_check timeout
USER	Users	END	1672730698333
REQUEST		/event	1672730698268	1672730698334	OK	 
USER	Users	START	1672730699267
REQUEST		sse_check	1672730694333	1672730699333	KO	Check sse_check timeout
USER	Users	END	1672730699333
REQUEST		/event	1672730699267	1672730699333	OK	 
USER	Users	START	1672730700268
REQUEST		/event	1672730700268	1672730700336	OK	 
REQUEST		sse_check	1672730695387	1672730700387	KO	Check sse_check timeout
USER	Users	END	1672730700387
USER	Users	START	1672730701267
REQUEST		/event	1672730701267	1672730701332	OK	 
REQUEST		sse_check	1672730696334	1672730701335	KO	Check sse_check timeout
USER	Users	END	1672730701335
USER	Users	START	1672730702268
REQUEST		/event	1672730702268	1672730702334	OK	 
REQUEST		sse_check	1672730697335	1672730702335	KO	Check sse_check timeout
USER	Users	END	1672730702336
REQUEST		sse_check	1672730697832	1672730702833	KO	Check sse_check timeout
USER	Users	END	1672730702833
USER	Users	START	1672730703267
REQUEST		/event	1672730703267	1672730703334	OK	 
REQUEST		sse_check	1672730698334	1672730703334	KO	Check sse_check timeout
USER	Users	END	1672730703334
USER	Users	START	1672730704268
REQUEST		sse_check	1672730699333	1672730704334	KO	Check sse_check timeout
USER	Users	END	1672730704334
REQUEST		/event	1672730704268	1672730704334	OK	 
USER	Users	START	1672730705267
REQUEST		/event	1672730705267	1672730705333	OK	 
REQUEST		sse_check	1672730700336	1672730705336	KO	Check sse_check timeout
USER	Users	END	1672730705336
USER	Users	START	1672730706268
REQUEST		sse_check	1672730701332	1672730706333	KO	Check sse_check timeout
USER	Users	END	1672730706333
REQUEST		/event	1672730706268	1672730706335	OK	 
USER	Users	START	1672730706767
REQUEST		/event	1672730706767	1672730706835	OK	 
USER	Users	START	1672730707268
REQUEST		sse_check	1672730702334	1672730707334	KO	Check sse_check timeout
USER	Users	END	1672730707334
REQUEST		/event	1672730707268	1672730707335	OK	 
USER	Users	START	1672730708268
REQUEST		sse_check	1672730703334	1672730708334	KO	Check sse_check timeout
USER	Users	END	1672730708334
REQUEST		/event	1672730708268	1672730708343	OK	 
USER	Users	START	1672730709268
REQUEST		/event	1672730709268	1672730709333	OK	 
REQUEST		sse_check	1672730704334	1672730709334	KO	Check sse_check timeout
USER	Users	END	1672730709334
USER	Users	START	1672730710267
REQUEST		sse_check	1672730705333	1672730710334	KO	Check sse_check timeout
USER	Users	END	1672730710334
REQUEST		/event	1672730710267	1672730710337	OK	 
USER	Users	START	1672730711268
REQUEST		sse_check	1672730706335	1672730711335	KO	Check sse_check timeout
USER	Users	END	1672730711335
REQUEST		/event	1672730711268	1672730711336	OK	 
REQUEST		sse_check	1672730706835	1672730711836	KO	Check sse_check timeout
USER	Users	END	1672730711836
USER	Users	START	1672730712268
REQUEST		/event	1672730712268	1672730712333	OK	 
REQUEST		sse_check	1672730707335	1672730712335	KO	Check sse_check timeout
USER	Users	END	1672730712335
USER	Users	START	1672730713267
REQUEST		/event	1672730713267	1672730713339	OK	 
REQUEST		sse_check	1672730708343	1672730713343	KO	Check sse_check timeout
USER	Users	END	1672730713344
USER	Users	START	1672730714267
REQUEST		/event	1672730714267	1672730714333	OK	 
REQUEST		sse_check	1672730709333	1672730714333	KO	Check sse_check timeout
USER	Users	END	1672730714333
USER	Users	START	1672730715268
REQUEST		/event	1672730715268	1672730715334	OK	 
REQUEST		sse_check	1672730710337	1672730715337	KO	Check sse_check timeout
USER	Users	END	1672730715337
USER	Users	START	1672730715767
REQUEST		/event	1672730715767	1672730715832	OK	 
USER	Users	START	1672730716268
REQUEST		sse_check	1672730711336	1672730716336	KO	Check sse_check timeout
USER	Users	END	1672730716337
REQUEST		/event	1672730716268	1672730716338	OK	 
USER	Users	START	1672730717267
REQUEST		sse_check	1672730712333	1672730717333	KO	Check sse_check timeout
USER	Users	END	1672730717333
REQUEST		/event	1672730717267	1672730717336	OK	 
USER	Users	START	1672730718267
REQUEST		/event	1672730718267	1672730718333	OK	 
REQUEST		sse_check	1672730713339	1672730718339	KO	Check sse_check timeout
USER	Users	END	1672730718339
USER	Users	START	1672730719267
REQUEST		/event	1672730719267	1672730719332	OK	 
REQUEST		sse_check	1672730714333	1672730719333	KO	Check sse_check timeout
USER	Users	END	1672730719333
USER	Users	START	1672730720267
REQUEST		/event	1672730720267	1672730720333	OK	 
REQUEST		sse_check	1672730715334	1672730720334	KO	Check sse_check timeout
USER	Users	END	1672730720334
REQUEST		sse_check	1672730715832	1672730720833	KO	Check sse_check timeout
USER	Users	END	1672730720833
USER	Users	START	1672730721268
REQUEST		/event	1672730721268	1672730721332	OK	 
REQUEST		sse_check	1672730716338	1672730721338	KO	Check sse_check timeout
USER	Users	END	1672730721338
USER	Users	START	1672730722271
REQUEST		sse_check	1672730717336	1672730722336	KO	Check sse_check timeout
USER	Users	END	1672730722336
REQUEST		/event	1672730722270	1672730722337	OK	 
USER	Users	START	1672730723268
REQUEST		sse_check	1672730718333	1672730723333	KO	Check sse_check timeout
USER	Users	END	1672730723333
REQUEST		/event	1672730723268	1672730723335	OK	 
USER	Users	START	1672730724268
REQUEST		sse_check	1672730719332	1672730724333	KO	Check sse_check timeout
USER	Users	END	1672730724333
REQUEST		/event	1672730724268	1672730724333	OK	 
USER	Users	START	1672730724767
REQUEST		/event	1672730724767	1672730724834	OK	 
USER	Users	START	1672730725268
REQUEST		/event	1672730725268	1672730725333	OK	 
REQUEST		sse_check	1672730720333	1672730725333	KO	Check sse_check timeout
USER	Users	END	1672730725333
USER	Users	START	1672730726267
REQUEST		sse_check	1672730721332	1672730726332	KO	Check sse_check timeout
USER	Users	END	1672730726333
REQUEST		/event	1672730726267	1672730726334	OK	 
USER	Users	START	1672730727268
REQUEST		/event	1672730727268	1672730727337	OK	 
REQUEST		sse_check	1672730722337	1672730727337	KO	Check sse_check timeout
USER	Users	END	1672730727337
USER	Users	START	1672730728268
REQUEST		/event	1672730728268	1672730728335	OK	 
REQUEST		sse_check	1672730723335	1672730728335	KO	Check sse_check timeout
USER	Users	END	1672730728335
USER	Users	START	1672730729268
REQUEST		sse_check	1672730724333	1672730729333	KO	Check sse_check timeout
USER	Users	END	1672730729333
REQUEST		/event	1672730729268	1672730729334	OK	 
REQUEST		sse_check	1672730724834	1672730729834	KO	Check sse_check timeout
USER	Users	END	1672730729834
USER	Users	START	1672730730268
REQUEST		sse_check	1672730725333	1672730730334	KO	Check sse_check timeout
USER	Users	END	1672730730334
REQUEST		/event	1672730730268	1672730730335	OK	 
USER	Users	START	1672730731268
REQUEST		/event	1672730731268	1672730731334	OK	 
REQUEST		sse_check	1672730726334	1672730731335	KO	Check sse_check timeout
USER	Users	END	1672730731335
USER	Users	START	1672730732268
REQUEST		/event	1672730732268	1672730732333	OK	 
REQUEST		sse_check	1672730727337	1672730732337	KO	Check sse_check timeout
USER	Users	END	1672730732337
USER	Users	START	1672730733268
REQUEST		sse_check	1672730728335	1672730733335	KO	Check sse_check timeout
USER	Users	END	1672730733335
REQUEST		/event	1672730733268	1672730733335	OK	 
USER	Users	START	1672730733768
REQUEST		/event	1672730733768	1672730733832	OK	 
USER	Users	START	1672730734268
REQUEST		/event	1672730734268	1672730734333	OK	 
REQUEST		sse_check	1672730729334	1672730734334	KO	Check sse_check timeout
USER	Users	END	1672730734335
USER	Users	START	1672730735267
REQUEST		/event	1672730735267	1672730735332	OK	 
REQUEST		sse_check	1672730730335	1672730735335	KO	Check sse_check timeout
USER	Users	END	1672730735336
USER	Users	START	1672730736268
REQUEST		/event	1672730736268	1672730736333	OK	 
REQUEST		sse_check	1672730731334	1672730736334	KO	Check sse_check timeout
USER	Users	END	1672730736334
USER	Users	START	1672730737268
REQUEST		sse_check	1672730732333	1672730737333	KO	Check sse_check timeout
USER	Users	END	1672730737333
REQUEST		/event	1672730737268	1672730737333	OK	 
USER	Users	START	1672730738266
REQUEST		/event	1672730738266	1672730738331	OK	 
REQUEST		sse_check	1672730733335	1672730738335	KO	Check sse_check timeout
USER	Users	END	1672730738336
REQUEST		sse_check	1672730733832	1672730738833	KO	Check sse_check timeout
USER	Users	END	1672730738833
USER	Users	START	1672730739267
REQUEST		sse_check	1672730734333	1672730739333	KO	Check sse_check timeout
USER	Users	END	1672730739333
REQUEST		/event	1672730739267	1672730739334	OK	 
USER	Users	START	1672730740268
REQUEST		sse_check	1672730735332	1672730740333	KO	Check sse_check timeout
USER	Users	END	1672730740333
REQUEST		/event	1672730740268	1672730740335	OK	 
USER	Users	START	1672730741268
REQUEST		sse_check	1672730736333	1672730741333	KO	Check sse_check timeout
USER	Users	END	1672730741333
REQUEST		/event	1672730741268	1672730741335	OK	 
USER	Users	START	1672730742267
REQUEST		sse_check	1672730737333	1672730742333	KO	Check sse_check timeout
USER	Users	END	1672730742333
REQUEST		/event	1672730742267	1672730742334	OK	 
USER	Users	START	1672730742767
REQUEST		/event	1672730742767	1672730742836	OK	 
USER	Users	START	1672730743268
REQUEST		sse_check	1672730738331	1672730743332	KO	Check sse_check timeout
USER	Users	END	1672730743332
REQUEST		/event	1672730743268	1672730743333	OK	 
USER	Users	START	1672730744267
REQUEST		sse_check	1672730739334	1672730744334	KO	Check sse_check timeout
USER	Users	END	1672730744334
REQUEST		/event	1672730744267	1672730744336	OK	 
USER	Users	START	1672730745268
REQUEST		/event	1672730745268	1672730745334	OK	 
REQUEST		sse_check	1672730740335	1672730745335	KO	Check sse_check timeout
USER	Users	END	1672730745335
USER	Users	START	1672730746268
REQUEST		/event	1672730746268	1672730746333	OK	 
REQUEST		sse_check	1672730741335	1672730746336	KO	Check sse_check timeout
USER	Users	END	1672730746336
USER	Users	START	1672730747267
REQUEST		/event	1672730747267	1672730747332	OK	 
REQUEST		sse_check	1672730742334	1672730747334	KO	Check sse_check timeout
USER	Users	END	1672730747334
REQUEST		sse_check	1672730742836	1672730747836	KO	Check sse_check timeout
USER	Users	END	1672730747837
USER	Users	START	1672730748267
REQUEST		/event	1672730748267	1672730748333	OK	 
REQUEST		sse_check	1672730743333	1672730748333	KO	Check sse_check timeout
USER	Users	END	1672730748333
USER	Users	START	1672730749268
REQUEST		sse_check	1672730744336	1672730749336	KO	Check sse_check timeout
REQUEST		/event	1672730749268	1672730749336	OK	 
USER	Users	END	1672730749337
USER	Users	START	1672730750267
REQUEST		/event	1672730750267	1672730750332	OK	 
REQUEST		sse_check	1672730745334	1672730750334	KO	Check sse_check timeout
USER	Users	END	1672730750334
REQUEST		sse_check	1672730746333	1672730751333	KO	Check sse_check timeout
USER	Users	END	1672730751333
REQUEST		sse_check	1672730747332	1672730752333	KO	Check sse_check timeout
USER	Users	END	1672730752333
REQUEST		sse_check	1672730748333	1672730753333	KO	Check sse_check timeout
USER	Users	END	1672730753334
REQUEST		sse_check	1672730749336	1672730754337	KO	Check sse_check timeout
USER	Users	END	1672730754337
REQUEST		sse_check	1672730750332	1672730755333	KO	Check sse_check timeout
USER	Users	END	1672730755333
