RUN	computerdatabase.ComputerDatabaseSimulation	computerdatabasesimulation	1672662955513	 	3.9.0
USER	Users	START	1672662956421
REQUEST		Home	1672662956421	1672662956428	OK	 
REQUEST		checkName	1672662956428	1672662956476	KO	regex(event: snapshot(.*)).find.exists, found nothing
USER	Users	END	1672662956483
USER	Users	START	1672662957386
REQUEST		Home	1672662957385	1672662957390	OK	 
REQUEST		checkName	1672662957390	1672662957433	KO	regex(event: snapshot(.*)).find.exists, found nothing
USER	Users	END	1672662957434
USER	Users	START	1672662958387
REQUEST		Home	1672662958387	1672662958391	OK	 
REQUEST		checkName	1672662958391	1672662958437	KO	regex(event: snapshot(.*)).find.exists, found nothing
USER	Users	END	1672662958437
USER	Users	START	1672662959377
REQUEST		Home	1672662959377	1672662959382	OK	 
REQUEST		checkName	1672662959382	1672662959425	KO	regex(event: snapshot(.*)).find.exists, found nothing
USER	Users	END	1672662959425
USER	Users	START	1672662960377
REQUEST		Home	1672662960377	1672662960381	OK	 
REQUEST		checkName	1672662960381	1672662960425	KO	regex(event: snapshot(.*)).find.exists, found nothing
USER	Users	END	1672662960425
USER	Users	START	1672662961377
REQUEST		Home	1672662961377	1672662961381	OK	 
REQUEST		checkName	1672662961381	1672662961425	KO	regex(event: snapshot(.*)).find.exists, found nothing
USER	Users	END	1672662961425
USER	Users	START	1672662962377
REQUEST		Home	1672662962377	1672662962381	OK	 
REQUEST		checkName	1672662962381	1672662962429	KO	regex(event: snapshot(.*)).find.exists, found nothing
USER	Users	END	1672662962429
USER	Users	START	1672662963377
REQUEST		Home	1672662963377	1672662963381	OK	 
REQUEST		checkName	1672662963381	1672662963429	KO	regex(event: snapshot(.*)).find.exists, found nothing
USER	Users	END	1672662963429
USER	Users	START	1672662964377
REQUEST		Home	1672662964377	1672662964381	OK	 
REQUEST		checkName	1672662964381	1672662964425	KO	regex(event: snapshot(.*)).find.exists, found nothing
USER	Users	END	1672662964425
USER	Users	START	1672662965377
REQUEST		Home	1672662965377	1672662965381	OK	 
REQUEST		checkName	1672662965381	1672662965425	KO	regex(event: snapshot(.*)).find.exists, found nothing
USER	Users	END	1672662965425
