RUN	computerdatabase.ComputerDatabaseSimulation	computerdatabasesimulation	1672663026829	 	3.9.0
USER	Users	START	1672663027754
REQUEST		Home	1672663027753	1672663027764	OK	 
USER	Users	START	1672663027813
REQUEST		Home	1672663027813	1672663027824	OK	 
REQUEST		checkName	1672663027764	1672663027809	KO	regex(event: snapshot(.*)).find.exists, found nothing
USER	Users	END	1672663027835
REQUEST		checkName	1672663027824	1672663027865	KO	regex(event: snapshot(.*)).find.exists, found nothing
USER	Users	END	1672663027866
USER	Users	START	1672663027913
REQUEST		Home	1672663027913	1672663027921	OK	 
REQUEST		checkName	1672663027921	1672663027964	KO	regex(event: snapshot(.*)).find.exists, found nothing
USER	Users	END	1672663027965
USER	Users	START	1672663028014
REQUEST		Home	1672663028014	1672663028019	OK	 
REQUEST		checkName	1672663028019	1672663028064	KO	regex(event: snapshot(.*)).find.exists, found nothing
USER	Users	END	1672663028065
USER	Users	START	1672663028114
REQUEST		Home	1672663028114	1672663028118	OK	 
REQUEST		checkName	1672663028118	1672663028161	KO	regex(event: snapshot(.*)).find.exists, found nothing
USER	Users	END	1672663028161
USER	Users	START	1672663028215
REQUEST		Home	1672663028215	1672663028219	OK	 
REQUEST		checkName	1672663028219	1672663028265	KO	regex(event: snapshot(.*)).find.exists, found nothing
USER	Users	END	1672663028265
USER	Users	START	1672663028317
REQUEST		Home	1672663028317	1672663028322	OK	 
REQUEST		checkName	1672663028322	1672663028365	KO	regex(event: snapshot(.*)).find.exists, found nothing
USER	Users	END	1672663028365
USER	Users	START	1672663028418
REQUEST		Home	1672663028418	1672663028424	OK	 
REQUEST		checkName	1672663028424	1672663028465	KO	regex(event: snapshot(.*)).find.exists, found nothing
USER	Users	END	1672663028465
USER	Users	START	1672663028519
REQUEST		Home	1672663028519	1672663028523	OK	 
REQUEST		checkName	1672663028523	1672663028564	KO	regex(event: snapshot(.*)).find.exists, found nothing
USER	Users	END	1672663028565
USER	Users	START	1672663028620
REQUEST		Home	1672663028620	1672663028624	OK	 
REQUEST		checkName	1672663028624	1672663028665	KO	regex(event: snapshot(.*)).find.exists, found nothing
USER	Users	END	1672663028665
USER	Users	START	1672663028720
REQUEST		Home	1672663028720	1672663028725	OK	 
REQUEST		checkName	1672663028725	1672663028769	KO	regex(event: snapshot(.*)).find.exists, found nothing
USER	Users	END	1672663028769
USER	Users	START	1672663028820
REQUEST		Home	1672663028820	1672663028824	OK	 
REQUEST		checkName	1672663028824	1672663028869	KO	regex(event: snapshot(.*)).find.exists, found nothing
USER	Users	END	1672663028869
USER	Users	START	1672663028920
REQUEST		Home	1672663028920	1672663028924	OK	 
REQUEST		checkName	1672663028924	1672663028968	KO	regex(event: snapshot(.*)).find.exists, found nothing
USER	Users	END	1672663028969
USER	Users	START	1672663029021
REQUEST		Home	1672663029021	1672663029026	OK	 
REQUEST		checkName	1672663029026	1672663029068	KO	regex(event: snapshot(.*)).find.exists, found nothing
USER	Users	END	1672663029069
USER	Users	START	1672663029122
REQUEST		Home	1672663029122	1672663029128	OK	 
REQUEST		checkName	1672663029128	1672663029169	KO	regex(event: snapshot(.*)).find.exists, found nothing
USER	Users	END	1672663029169
USER	Users	START	1672663029221
REQUEST		Home	1672663029221	1672663029225	OK	 
REQUEST		checkName	1672663029225	1672663029269	KO	regex(event: snapshot(.*)).find.exists, found nothing
USER	Users	END	1672663029269
USER	Users	START	1672663029321
REQUEST		Home	1672663029321	1672663029328	OK	 
REQUEST		checkName	1672663029328	1672663029372	KO	regex(event: snapshot(.*)).find.exists, found nothing
USER	Users	END	1672663029373
USER	Users	START	1672663029423
REQUEST		Home	1672663029423	1672663029455	OK	 
REQUEST		checkName	1672663029455	1672663029496	KO	regex(event: snapshot(.*)).find.exists, found nothing
USER	Users	END	1672663029497
USER	Users	START	1672663029525
REQUEST		Home	1672663029525	1672663029529	OK	 
REQUEST		checkName	1672663029529	1672663029572	KO	regex(event: snapshot(.*)).find.exists, found nothing
USER	Users	END	1672663029573
USER	Users	START	1672663029624
REQUEST		Home	1672663029624	1672663029628	OK	 
REQUEST		checkName	1672663029628	1672663029668	KO	regex(event: snapshot(.*)).find.exists, found nothing
USER	Users	END	1672663029669
USER	Users	START	1672663029725
REQUEST		Home	1672663029725	1672663029729	OK	 
REQUEST		checkName	1672663029729	1672663029772	KO	regex(event: snapshot(.*)).find.exists, found nothing
USER	Users	END	1672663029773
USER	Users	START	1672663029809
REQUEST		Home	1672663029809	1672663029814	OK	 
REQUEST		checkName	1672663029814	1672663029857	KO	regex(event: snapshot(.*)).find.exists, found nothing
USER	Users	END	1672663029857
USER	Users	START	1672663029910
REQUEST		Home	1672663029910	1672663029914	OK	 
REQUEST		checkName	1672663029914	1672663029956	KO	regex(event: snapshot(.*)).find.exists, found nothing
USER	Users	END	1672663029957
USER	Users	START	1672663030010
REQUEST		Home	1672663030010	1672663030012	OK	 
REQUEST		checkName	1672663030012	1672663030060	KO	regex(event: snapshot(.*)).find.exists, found nothing
USER	Users	END	1672663030061
USER	Users	START	1672663030110
REQUEST		Home	1672663030110	1672663030114	OK	 
REQUEST		checkName	1672663030114	1672663030160	KO	regex(event: snapshot(.*)).find.exists, found nothing
USER	Users	END	1672663030161
USER	Users	START	1672663030210
REQUEST		Home	1672663030210	1672663030213	OK	 
REQUEST		checkName	1672663030213	1672663030256	KO	regex(event: snapshot(.*)).find.exists, found nothing
USER	Users	END	1672663030257
USER	Users	START	1672663030310
REQUEST		Home	1672663030310	1672663030313	OK	 
REQUEST		checkName	1672663030313	1672663030357	KO	regex(event: snapshot(.*)).find.exists, found nothing
USER	Users	END	1672663030357
USER	Users	START	1672663030410
REQUEST		Home	1672663030410	1672663030414	OK	 
REQUEST		checkName	1672663030414	1672663030456	KO	regex(event: snapshot(.*)).find.exists, found nothing
USER	Users	END	1672663030457
USER	Users	START	1672663030510
REQUEST		Home	1672663030510	1672663030514	OK	 
REQUEST		checkName	1672663030514	1672663030556	KO	regex(event: snapshot(.*)).find.exists, found nothing
USER	Users	END	1672663030557
USER	Users	START	1672663030610
REQUEST		Home	1672663030610	1672663030612	OK	 
REQUEST		checkName	1672663030612	1672663030660	KO	regex(event: snapshot(.*)).find.exists, found nothing
USER	Users	END	1672663030661
USER	Users	START	1672663030710
REQUEST		Home	1672663030710	1672663030712	OK	 
REQUEST		checkName	1672663030712	1672663030760	KO	regex(event: snapshot(.*)).find.exists, found nothing
USER	Users	END	1672663030761
USER	Users	START	1672663030809
REQUEST		Home	1672663030809	1672663030812	OK	 
REQUEST		checkName	1672663030812	1672663030856	KO	regex(event: snapshot(.*)).find.exists, found nothing
USER	Users	END	1672663030857
USER	Users	START	1672663030909
REQUEST		Home	1672663030909	1672663030912	OK	 
REQUEST		checkName	1672663030912	1672663030956	KO	regex(event: snapshot(.*)).find.exists, found nothing
USER	Users	END	1672663030957
USER	Users	START	1672663031009
REQUEST		Home	1672663031009	1672663031011	OK	 
REQUEST		checkName	1672663031011	1672663031056	KO	regex(event: snapshot(.*)).find.exists, found nothing
USER	Users	END	1672663031057
USER	Users	START	1672663031109
REQUEST		Home	1672663031109	1672663031112	OK	 
REQUEST		checkName	1672663031112	1672663031156	KO	regex(event: snapshot(.*)).find.exists, found nothing
USER	Users	END	1672663031157
USER	Users	START	1672663031210
REQUEST		Home	1672663031210	1672663031212	OK	 
REQUEST		checkName	1672663031212	1672663031252	KO	regex(event: snapshot(.*)).find.exists, found nothing
USER	Users	END	1672663031253
USER	Users	START	1672663031310
REQUEST		Home	1672663031310	1672663031312	OK	 
REQUEST		checkName	1672663031312	1672663031356	KO	regex(event: snapshot(.*)).find.exists, found nothing
USER	Users	END	1672663031357
USER	Users	START	1672663031410
REQUEST		Home	1672663031410	1672663031412	OK	 
REQUEST		checkName	1672663031412	1672663031456	KO	regex(event: snapshot(.*)).find.exists, found nothing
USER	Users	END	1672663031457
USER	Users	START	1672663031510
REQUEST		Home	1672663031510	1672663031512	OK	 
REQUEST		checkName	1672663031512	1672663031552	KO	regex(event: snapshot(.*)).find.exists, found nothing
USER	Users	END	1672663031553
USER	Users	START	1672663031610
REQUEST		Home	1672663031610	1672663031612	OK	 
REQUEST		checkName	1672663031612	1672663031652	KO	regex(event: snapshot(.*)).find.exists, found nothing
USER	Users	END	1672663031653
USER	Users	START	1672663031710
REQUEST		Home	1672663031710	1672663031713	OK	 
REQUEST		checkName	1672663031713	1672663031756	KO	regex(event: snapshot(.*)).find.exists, found nothing
USER	Users	END	1672663031757
USER	Users	START	1672663031809
REQUEST		Home	1672663031809	1672663031811	OK	 
REQUEST		checkName	1672663031811	1672663031856	KO	regex(event: snapshot(.*)).find.exists, found nothing
USER	Users	END	1672663031857
USER	Users	START	1672663031909
REQUEST		Home	1672663031909	1672663031912	OK	 
REQUEST		checkName	1672663031912	1672663031952	KO	regex(event: snapshot(.*)).find.exists, found nothing
USER	Users	END	1672663031953
USER	Users	START	1672663032009
REQUEST		Home	1672663032009	1672663032012	OK	 
REQUEST		checkName	1672663032012	1672663032052	KO	regex(event: snapshot(.*)).find.exists, found nothing
USER	Users	END	1672663032053
USER	Users	START	1672663032109
REQUEST		Home	1672663032109	1672663032111	OK	 
REQUEST		checkName	1672663032111	1672663032152	KO	regex(event: snapshot(.*)).find.exists, found nothing
USER	Users	END	1672663032153
USER	Users	START	1672663032209
REQUEST		Home	1672663032209	1672663032212	OK	 
REQUEST		checkName	1672663032212	1672663032252	KO	regex(event: snapshot(.*)).find.exists, found nothing
USER	Users	END	1672663032253
USER	Users	START	1672663032310
REQUEST		Home	1672663032310	1672663032312	OK	 
REQUEST		checkName	1672663032312	1672663032356	KO	regex(event: snapshot(.*)).find.exists, found nothing
USER	Users	END	1672663032357
USER	Users	START	1672663032410
REQUEST		Home	1672663032410	1672663032412	OK	 
REQUEST		checkName	1672663032412	1672663032452	KO	regex(event: snapshot(.*)).find.exists, found nothing
USER	Users	END	1672663032452
USER	Users	START	1672663032510
REQUEST		Home	1672663032510	1672663032513	OK	 
REQUEST		checkName	1672663032513	1672663032556	KO	regex(event: snapshot(.*)).find.exists, found nothing
USER	Users	END	1672663032557
USER	Users	START	1672663032610
REQUEST		Home	1672663032610	1672663032612	OK	 
REQUEST		checkName	1672663032612	1672663032656	KO	regex(event: snapshot(.*)).find.exists, found nothing
USER	Users	END	1672663032657
USER	Users	START	1672663032710
REQUEST		Home	1672663032710	1672663032714	OK	 
REQUEST		checkName	1672663032714	1672663032756	KO	regex(event: snapshot(.*)).find.exists, found nothing
USER	Users	END	1672663032757
USER	Users	START	1672663032809
REQUEST		Home	1672663032809	1672663032813	OK	 
REQUEST		checkName	1672663032813	1672663032856	KO	regex(event: snapshot(.*)).find.exists, found nothing
USER	Users	END	1672663032857
USER	Users	START	1672663032909
REQUEST		Home	1672663032909	1672663032911	OK	 
REQUEST		checkName	1672663032911	1672663032952	KO	regex(event: snapshot(.*)).find.exists, found nothing
USER	Users	END	1672663032953
USER	Users	START	1672663033009
REQUEST		Home	1672663033009	1672663033012	OK	 
REQUEST		checkName	1672663033012	1672663033052	KO	regex(event: snapshot(.*)).find.exists, found nothing
USER	Users	END	1672663033053
USER	Users	START	1672663033109
REQUEST		Home	1672663033109	1672663033112	OK	 
REQUEST		checkName	1672663033112	1672663033152	KO	regex(event: snapshot(.*)).find.exists, found nothing
USER	Users	END	1672663033153
USER	Users	START	1672663033209
REQUEST		Home	1672663033209	1672663033212	OK	 
REQUEST		checkName	1672663033212	1672663033252	KO	regex(event: snapshot(.*)).find.exists, found nothing
USER	Users	END	1672663033253
USER	Users	START	1672663033310
REQUEST		Home	1672663033310	1672663033312	OK	 
REQUEST		checkName	1672663033312	1672663033352	KO	regex(event: snapshot(.*)).find.exists, found nothing
USER	Users	END	1672663033353
USER	Users	START	1672663033410
REQUEST		Home	1672663033410	1672663033412	OK	 
REQUEST		checkName	1672663033412	1672663033452	KO	regex(event: snapshot(.*)).find.exists, found nothing
USER	Users	END	1672663033453
USER	Users	START	1672663033510
REQUEST		Home	1672663033510	1672663033512	OK	 
REQUEST		checkName	1672663033512	1672663033556	KO	regex(event: snapshot(.*)).find.exists, found nothing
USER	Users	END	1672663033557
USER	Users	START	1672663033610
REQUEST		Home	1672663033610	1672663033612	OK	 
REQUEST		checkName	1672663033612	1672663033656	KO	regex(event: snapshot(.*)).find.exists, found nothing
USER	Users	END	1672663033657
USER	Users	START	1672663033710
REQUEST		Home	1672663033710	1672663033713	OK	 
REQUEST		checkName	1672663033713	1672663033756	KO	regex(event: snapshot(.*)).find.exists, found nothing
USER	Users	END	1672663033756
USER	Users	START	1672663033809
REQUEST		Home	1672663033809	1672663033811	OK	 
REQUEST		checkName	1672663033811	1672663033852	KO	regex(event: snapshot(.*)).find.exists, found nothing
USER	Users	END	1672663033853
USER	Users	START	1672663033909
REQUEST		Home	1672663033909	1672663033911	OK	 
REQUEST		checkName	1672663033911	1672663033952	KO	regex(event: snapshot(.*)).find.exists, found nothing
USER	Users	END	1672663033953
USER	Users	START	1672663034009
REQUEST		Home	1672663034009	1672663034011	OK	 
REQUEST		checkName	1672663034011	1672663034052	KO	regex(event: snapshot(.*)).find.exists, found nothing
USER	Users	END	1672663034053
USER	Users	START	1672663034109
REQUEST		Home	1672663034109	1672663034111	OK	 
REQUEST		checkName	1672663034111	1672663034152	KO	regex(event: snapshot(.*)).find.exists, found nothing
USER	Users	END	1672663034153
USER	Users	START	1672663034209
REQUEST		Home	1672663034209	1672663034212	OK	 
REQUEST		checkName	1672663034212	1672663034252	KO	regex(event: snapshot(.*)).find.exists, found nothing
USER	Users	END	1672663034252
USER	Users	START	1672663034309
REQUEST		Home	1672663034309	1672663034312	OK	 
REQUEST		checkName	1672663034312	1672663034352	KO	regex(event: snapshot(.*)).find.exists, found nothing
USER	Users	END	1672663034352
USER	Users	START	1672663034410
REQUEST		Home	1672663034410	1672663034412	OK	 
REQUEST		checkName	1672663034412	1672663034456	KO	regex(event: snapshot(.*)).find.exists, found nothing
USER	Users	END	1672663034457
USER	Users	START	1672663034510
REQUEST		Home	1672663034510	1672663034512	OK	 
REQUEST		checkName	1672663034512	1672663034556	KO	regex(event: snapshot(.*)).find.exists, found nothing
USER	Users	END	1672663034557
USER	Users	START	1672663034610
REQUEST		Home	1672663034610	1672663034613	OK	 
REQUEST		checkName	1672663034613	1672663034656	KO	regex(event: snapshot(.*)).find.exists, found nothing
USER	Users	END	1672663034657
USER	Users	START	1672663034710
REQUEST		Home	1672663034710	1672663034712	OK	 
REQUEST		checkName	1672663034712	1672663034756	KO	regex(event: snapshot(.*)).find.exists, found nothing
USER	Users	END	1672663034756
USER	Users	START	1672663034809
REQUEST		Home	1672663034809	1672663034811	OK	 
REQUEST		checkName	1672663034811	1672663034852	KO	regex(event: snapshot(.*)).find.exists, found nothing
USER	Users	END	1672663034853
USER	Users	START	1672663034909
REQUEST		Home	1672663034909	1672663034912	OK	 
REQUEST		checkName	1672663034912	1672663034952	KO	regex(event: snapshot(.*)).find.exists, found nothing
USER	Users	END	1672663034953
USER	Users	START	1672663035009
REQUEST		Home	1672663035009	1672663035011	OK	 
REQUEST		checkName	1672663035011	1672663035052	KO	regex(event: snapshot(.*)).find.exists, found nothing
USER	Users	END	1672663035053
USER	Users	START	1672663035109
REQUEST		Home	1672663035109	1672663035111	OK	 
REQUEST		checkName	1672663035111	1672663035152	KO	regex(event: snapshot(.*)).find.exists, found nothing
USER	Users	END	1672663035152
USER	Users	START	1672663035209
REQUEST		Home	1672663035209	1672663035212	OK	 
REQUEST		checkName	1672663035212	1672663035256	KO	regex(event: snapshot(.*)).find.exists, found nothing
USER	Users	END	1672663035257
USER	Users	START	1672663035309
REQUEST		Home	1672663035309	1672663035311	OK	 
REQUEST		checkName	1672663035311	1672663035356	KO	regex(event: snapshot(.*)).find.exists, found nothing
USER	Users	END	1672663035357
USER	Users	START	1672663035409
REQUEST		Home	1672663035409	1672663035411	OK	 
REQUEST		checkName	1672663035411	1672663035456	KO	regex(event: snapshot(.*)).find.exists, found nothing
USER	Users	END	1672663035457
USER	Users	START	1672663035509
REQUEST		Home	1672663035509	1672663035511	OK	 
REQUEST		checkName	1672663035511	1672663035556	KO	regex(event: snapshot(.*)).find.exists, found nothing
USER	Users	END	1672663035556
USER	Users	START	1672663035609
REQUEST		Home	1672663035609	1672663035612	OK	 
REQUEST		checkName	1672663035612	1672663035656	KO	regex(event: snapshot(.*)).find.exists, found nothing
USER	Users	END	1672663035657
USER	Users	START	1672663035709
REQUEST		Home	1672663035709	1672663035711	OK	 
REQUEST		checkName	1672663035711	1672663035756	KO	regex(event: snapshot(.*)).find.exists, found nothing
USER	Users	END	1672663035757
USER	Users	START	1672663035809
REQUEST		Home	1672663035809	1672663035811	OK	 
REQUEST		checkName	1672663035811	1672663035856	KO	regex(event: snapshot(.*)).find.exists, found nothing
USER	Users	END	1672663035857
USER	Users	START	1672663035909
REQUEST		Home	1672663035909	1672663035954	OK	 
REQUEST		checkName	1672663035954	1672663036000	KO	regex(event: snapshot(.*)).find.exists, found nothing
USER	Users	END	1672663036001
USER	Users	START	1672663036009
REQUEST		Home	1672663036009	1672663036013	OK	 
REQUEST		checkName	1672663036013	1672663036056	KO	regex(event: snapshot(.*)).find.exists, found nothing
USER	Users	END	1672663036057
USER	Users	START	1672663036109
REQUEST		Home	1672663036109	1672663036112	OK	 
REQUEST		checkName	1672663036112	1672663036152	KO	regex(event: snapshot(.*)).find.exists, found nothing
USER	Users	END	1672663036153
USER	Users	START	1672663036209
REQUEST		Home	1672663036209	1672663036212	OK	 
REQUEST		checkName	1672663036212	1672663036256	KO	regex(event: snapshot(.*)).find.exists, found nothing
USER	Users	END	1672663036257
USER	Users	START	1672663036309
REQUEST		Home	1672663036309	1672663036311	OK	 
REQUEST		checkName	1672663036311	1672663036356	KO	regex(event: snapshot(.*)).find.exists, found nothing
USER	Users	END	1672663036357
USER	Users	START	1672663036409
REQUEST		Home	1672663036409	1672663036411	OK	 
REQUEST		checkName	1672663036411	1672663036452	KO	regex(event: snapshot(.*)).find.exists, found nothing
USER	Users	END	1672663036453
USER	Users	START	1672663036509
REQUEST		Home	1672663036509	1672663036511	OK	 
REQUEST		checkName	1672663036511	1672663036552	KO	regex(event: snapshot(.*)).find.exists, found nothing
USER	Users	END	1672663036553
USER	Users	START	1672663036609
REQUEST		Home	1672663036609	1672663036611	OK	 
REQUEST		checkName	1672663036611	1672663036652	KO	regex(event: snapshot(.*)).find.exists, found nothing
USER	Users	END	1672663036653
USER	Users	START	1672663036709
REQUEST		Home	1672663036709	1672663036712	OK	 
REQUEST		checkName	1672663036712	1672663036760	KO	regex(event: snapshot(.*)).find.exists, found nothing
USER	Users	END	1672663036761
USER	Users	START	1672663036809
REQUEST		Home	1672663036809	1672663036812	OK	 
REQUEST		checkName	1672663036812	1672663036852	KO	regex(event: snapshot(.*)).find.exists, found nothing
USER	Users	END	1672663036853
USER	Users	START	1672663036909
REQUEST		Home	1672663036909	1672663036911	OK	 
REQUEST		checkName	1672663036911	1672663036956	KO	regex(event: snapshot(.*)).find.exists, found nothing
USER	Users	END	1672663036957
USER	Users	START	1672663037009
REQUEST		Home	1672663037009	1672663037012	OK	 
REQUEST		checkName	1672663037012	1672663037052	KO	regex(event: snapshot(.*)).find.exists, found nothing
USER	Users	END	1672663037053
USER	Users	START	1672663037109
REQUEST		Home	1672663037109	1672663037112	OK	 
REQUEST		checkName	1672663037112	1672663037156	KO	regex(event: snapshot(.*)).find.exists, found nothing
USER	Users	END	1672663037157
USER	Users	START	1672663037210
REQUEST		Home	1672663037210	1672663037212	OK	 
REQUEST		checkName	1672663037212	1672663037260	KO	regex(event: snapshot(.*)).find.exists, found nothing
USER	Users	END	1672663037261
USER	Users	START	1672663037310
REQUEST		Home	1672663037310	1672663037313	OK	 
REQUEST		checkName	1672663037313	1672663037361	KO	regex(event: snapshot(.*)).find.exists, found nothing
USER	Users	END	1672663037361
USER	Users	START	1672663037410
REQUEST		Home	1672663037410	1672663037413	OK	 
REQUEST		checkName	1672663037413	1672663037460	KO	regex(event: snapshot(.*)).find.exists, found nothing
USER	Users	END	1672663037461
USER	Users	START	1672663037510
REQUEST		Home	1672663037510	1672663037512	OK	 
REQUEST		checkName	1672663037512	1672663037552	KO	regex(event: snapshot(.*)).find.exists, found nothing
USER	Users	END	1672663037552
USER	Users	START	1672663037611
REQUEST		Home	1672663037611	1672663037613	OK	 
REQUEST		checkName	1672663037613	1672663037656	KO	regex(event: snapshot(.*)).find.exists, found nothing
USER	Users	END	1672663037657
