RUN	computerdatabase.ComputerDatabaseSimulation	computerdatabasesimulation	1672662920633	 	3.9.0
USER	Users	START	1672662921777
REQUEST		Home	1672662921776	1672662921785	OK	 
REQUEST		checkName	1672662921785	1672662921828	KO	regex(event: snapshot(.*)).find.exists, found nothing
USER	Users	END	1672662921835
USER	Users	START	1672662922743
REQUEST		Home	1672662922743	1672662922747	OK	 
REQUEST		checkName	1672662922747	1672662922789	KO	regex(event: snapshot(.*)).find.exists, found nothing
USER	Users	END	1672662922790
USER	Users	START	1672662923745
REQUEST		Home	1672662923745	1672662923749	OK	 
REQUEST		checkName	1672662923749	1672662923793	KO	regex(event: snapshot(.*)).find.exists, found nothing
USER	Users	END	1672662923793
USER	Users	START	1672662924735
REQUEST		Home	1672662924735	1672662924740	OK	 
REQUEST		checkName	1672662924740	1672662924784	KO	regex(event: snapshot(.*)).find.exists, found nothing
USER	Users	END	1672662924785
USER	Users	START	1672662925736
REQUEST		Home	1672662925736	1672662925742	OK	 
REQUEST		checkName	1672662925742	1672662925785	KO	regex(event: snapshot(.*)).find.exists, found nothing
USER	Users	END	1672662925785
USER	Users	START	1672662926735
REQUEST		Home	1672662926735	1672662926740	OK	 
REQUEST		checkName	1672662926740	1672662926785	KO	regex(event: snapshot(.*)).find.exists, found nothing
USER	Users	END	1672662926785
USER	Users	START	1672662927735
REQUEST		Home	1672662927735	1672662927739	OK	 
REQUEST		checkName	1672662927739	1672662927785	KO	regex(event: snapshot(.*)).find.exists, found nothing
USER	Users	END	1672662927785
USER	Users	START	1672662928735
REQUEST		Home	1672662928735	1672662928740	OK	 
REQUEST		checkName	1672662928740	1672662928789	KO	regex(event: snapshot(.*)).find.exists, found nothing
USER	Users	END	1672662928789
USER	Users	START	1672662929735
REQUEST		Home	1672662929735	1672662929740	OK	 
REQUEST		checkName	1672662929740	1672662929780	KO	regex(event: snapshot(.*)).find.exists, found nothing
USER	Users	END	1672662929781
USER	Users	START	1672662930736
REQUEST		Home	1672662930736	1672662930740	OK	 
REQUEST		checkName	1672662930740	1672662930781	KO	regex(event: snapshot(.*)).find.exists, found nothing
USER	Users	END	1672662930781
